make: `bin/statsNaive' is up to date.
gen
1536 particles
printing comparison standard deviation:2 processes
comparison of dv statistics:rank 1: mean=17.072196	stdev=11.792659
rank 1 diff = 72.0243
comparison of dv statistics:rank 0: mean=17.452135	stdev=12.891663
rank 0 diff = 91.2565

real	15m8.468s
user	30m13.206s
sys	0m0.115s
printing comparison standard deviation:3 processes
comparison of dv statistics:rank 0: mean=11.758110	stdev=11.034551
rank 0 diff = 85.8564
comparison of dv statistics:rank 2: mean=15.616716	stdev=5.842616
rank 2 diff = 177.218
comparison of dv statistics:rank 1: mean=10.737854	stdev=5.853108
rank 1 diff = 241.288

real	10m6.849s
user	30m16.969s
sys	0m0.118s


###############################################################################
TCHPC Cluster: lonsdale
Job 214895 (1536particles) for User 'rooneydt' in Account 'mschpc'
Finished at: Sat Aug 22 14:23:54 IST 2015

Job completion status:
======================

       JobID    JobName AllocCPUS NTasks NNodes     MaxRSS    MaxRSSNode  MaxDiskRead MaxDiskWrite    Elapsed      State ExitCode 
------------ ---------- --------- ------ ------ ---------- ------------- ------------ ------------ ---------- ---------- -------- 
214895       1536parti+         8             1                                                      00:25:17  COMPLETED      0:0 
214895.batch      batch         8      1      1     15660K lonsdale-n001        0.95M        0.05M   00:25:17  COMPLETED      0:0 


Job details:
============

JobId=214895 JobName=1536particles
   UserId=rooneydt(5482) GroupId=rooneydt(9287)
   Priority=10100708 Nice=0 Account=mschpc QOS=normal
   JobState=COMPLETING Reason=None Dependency=(null)
   Requeue=1 Restarts=0 BatchFlag=1 Reboot=0 ExitCode=0:0
   DerivedExitCode=0:0
   RunTime=00:25:17 TimeLimit=00:30:00 TimeMin=N/A
   SubmitTime=2015-08-22T13:58:37 EligibleTime=2015-08-22T13:58:37
   StartTime=2015-08-22T13:58:37 EndTime=2015-08-22T14:23:54
   PreemptTime=None SuspendTime=None SecsPreSuspend=0
   Partition=debug AllocNode:Sid=lonsdale01:18197
   ReqNodeList=(null) ExcNodeList=(null)
   NodeList=
   BatchHost=lonsdale-n001
   NumNodes=1 NumCPUs=8 CPUs/Task=1 ReqB:S:C:T=0:0:*:*
   Socks/Node=* NtasksPerN:B:S:C=0:0:*:* CoreSpec=*
     Nodes=lonsdale-n001 CPU_IDs=0-7 Mem=15000
   MinCPUsNode=1 MinMemoryNode=15000M MinTmpDiskNode=0
   Features=(null) Gres=(null) Reservation=(null)
   Shared=0 Contiguous=0 Licenses=(null) Network=(null)
   Command=/home/users/mschpc/2014/rooneydt/3body/statsbatch1.sh
   WorkDir=/home/users/mschpc/2014/rooneydt/3body
   StdErr=/home/users/mschpc/2014/rooneydt/3body/slurm-214895.out
   StdIn=/dev/null
   StdOut=/home/users/mschpc/2014/rooneydt/3body/slurm-214895.out


Disk quota details:
===================

Quota Type           Name  Filesystem     Usage in MB     Limit in MB    % Used
-------------------------------------------------------------------------------
USER             rooneydt       /home              31          51,200     0.06%

GROUP              mschpc   /projects          23,731          51,200    46.35%


SLURM Bank Statement:
=====================

User           Usage |        Account     Usage | Account Limit Available (CPU hrs)
---------- --------- + -------------- --------- + ------------- ---------

aljohani          22 |         MSCHPC   105,406 |       400,000   294,594
boycek           250 |         MSCHPC   105,406 |       400,000   294,594
dalyso           222 |         MSCHPC   105,406 |       400,000   294,594
deleligt         709 |         MSCHPC   105,406 |       400,000   294,594
dowlindo         563 |         MSCHPC   105,406 |       400,000   294,594
dunneff        4,157 |         MSCHPC   105,406 |       400,000   294,594
elynch         2,903 |         MSCHPC   105,406 |       400,000   294,594
hannigs            6 |         MSCHPC   105,406 |       400,000   294,594
hernonma         457 |         MSCHPC   105,406 |       400,000   294,594
holtonmi           0 |         MSCHPC   105,406 |       400,000   294,594
howardrj          37 |         MSCHPC   105,406 |       400,000   294,594
hynesr         1,365 |         MSCHPC   105,406 |       400,000   294,594
jabehan        3,862 |         MSCHPC   105,406 |       400,000   294,594
jbulava          158 |         MSCHPC   105,406 |       400,000   294,594
jose               0 |         MSCHPC   105,406 |       400,000   294,594
kcleary           67 |         MSCHPC   105,406 |       400,000   294,594
lambem           514 |         MSCHPC   105,406 |       400,000   294,594
liul1            504 |         MSCHPC   105,406 |       400,000   294,594
luoq           2,782 |         MSCHPC   105,406 |       400,000   294,594
makirby        1,126 |         MSCHPC   105,406 |       400,000   294,594
mcbridne       2,142 |         MSCHPC   105,406 |       400,000   294,594
mehtav            82 |         MSCHPC   105,406 |       400,000   294,594
melbyrne         300 |         MSCHPC   105,406 |       400,000   294,594
murphd37      15,590 |         MSCHPC   105,406 |       400,000   294,594
murrayb8       2,421 |         MSCHPC   105,406 |       400,000   294,594
nobyrnes       1,513 |         MSCHPC   105,406 |       400,000   294,594
oconnm28         619 |         MSCHPC   105,406 |       400,000   294,594
ormondca       1,661 |         MSCHPC   105,406 |       400,000   294,594
osheac9          968 |         MSCHPC   105,406 |       400,000   294,594
osullm40       5,909 |         MSCHPC   105,406 |       400,000   294,594
paddy          1,319 |         MSCHPC   105,406 |       400,000   294,594
phalpin          592 |         MSCHPC   105,406 |       400,000   294,594
purdyd           173 |         MSCHPC   105,406 |       400,000   294,594
rooneydt         340 |         MSCHPC   105,406 |       400,000   294,594
sharding       1,196 |         MSCHPC   105,406 |       400,000   294,594
sikelleh         986 |         MSCHPC   105,406 |       400,000   294,594
simpsoao         509 |         MSCHPC   105,406 |       400,000   294,594
smurray4         514 |         MSCHPC   105,406 |       400,000   294,594
spellacl       1,730 |         MSCHPC   105,406 |       400,000   294,594
vetsaa            80 |         MSCHPC   105,406 |       400,000   294,594
wechen         7,593 |         MSCHPC   105,406 |       400,000   294,594
wyattg           200 |         MSCHPC   105,406 |       400,000   294,594
zhuang         8,587 |         MSCHPC   105,406 |       400,000   294,594


Acknowledgements:
=================

Note that usage of TCHPC Resources *must* be acknowledged in all publications.

Please see this page for details relevant to this cluster:

http://www.tchpc.tcd.ie/resources/acknowledgementpolicy

################################################################################
