make: `bin/statsNaive' is up to date.
make: `bin/naive' is up to date.
comp
600 particles
400 particles
80 particles
initializing
0	0.440932	-0.223668	0.983994
		0	1.71464e+09	1.95775e+09
		1.64781e+14	-3.707e+13	-5.81346e+14	1
1	0.393254	-0.776554	0.981714
		1	5.96517e+08	1.18964e+09
		-2.06949e+14	1.1345e+15	-1.74258e+15	1
2	-0.491561	0.62103	0.985727
		2	1.10252e+09	2.0449e+09
		4.81162e+14	-3.23665e+14	-5.81957e+14	1
3	-0.453758	0.823044	-0.0297074
		3	3.04089e+08	1.30346e+09
		4.68309e+14	-3.92166e+14	-2.37412e+14	1
4	0.751668	0.642427	0.982381
		4	1.72696e+09	3.36466e+08
		5.93759e+13	-3.30895e+14	-5.80758e+14	1
5	-0.62792	0.998035	0.795418
		5	2.14517e+09	4.68703e+08
		5.27392e+14	-4.51531e+14	-5.1733e+14	1
6	-0.917567	-0.844143	-0.581815
		6	6.35723e+08	1.36913e+09
		6.25654e+14	1.73415e+14	-5.01136e+13	1
7	-0.943313	0.911458	0.109116
		7	6.28175e+08	1.65648e+09
		7.34907e+14	-5.11684e+14	-2.9871e+14	1
8	0.796277	-0.967388	0.650048
		8	1.91454e+09	6.08414e+08
		4.42438e+13	2.15225e+14	-4.68014e+14	1
9	-0.495862	-0.44668	0.897453
		9	1.49798e+08	2.03866e+09
		4.82594e+14	3.85795e+13	-5.51949e+14	1
10	0.903569	-0.856593	0.989756
		10	1.42427e+09	1.91176e+09
		7.8458e+12	1.77638e+14	-5.83258e+14	1
11	-0.842234	0.983122	0.282918
		11	9.82907e+08	1.35497e+08
		6.00114e+14	-4.46494e+14	-3.43478e+14	1
12	0.993799	-0.946959	0.284244
		12	1.82734e+09	5.7266e+08
		-2.61714e+13	2.1187e+14	-3.45051e+14	1
13	-0.370562	0.257058	0.730744
		13	1.10066e+09	1.43393e+09
		4.40086e+14	-2.0016e+14	-4.9539e+14	1
14	0.999922	0.777259	0.535078
		14	2.0011e+09	1.9989e+09
		-2.48427e+13	-3.76635e+14	-4.29012e+14	1
15	0.493501	0.827059	0.714682
		15	1.37434e+09	7.60314e+08
		1.46957e+14	-3.9353e+14	-4.89944e+14	1
16	0.970917	0.831763	0.985701
		16	1.88995e+09	1.7807e+09
		-1.50462e+13	-3.95162e+14	-5.81937e+14	1
17	0.0547891	0.411844	0.998593
		17	7.52393e+08	1.47461e+09
		2.95788e+14	-2.5267e+14	-5.86256e+14	1
18	0.971309	0.854127	0.789526
		18	1.84399e+09	9.43948e+08
		-1.51799e+13	-4.02753e+14	-5.1536e+14	1
19	-0.26223	-0.784756	-0.671618
		19	1.46935e+09	1.9563e+09
		4.03335e+14	1.53269e+14	-1.96483e+13	1
20	0.996449	-0.998904	-0.81392
		20	1.97596e+09	3.17097e+08
		-5.79333e+15	6.46736e+15	4.68117e+15	1
21	0.965759	0.778749	-0.725163
		21	1.33057e+09	6.0357e+08
		-1.33593e+13	-3.7721e+14	-1.41357e+12	1
22	0.998846	0.290987	-0.932007
		22	4.8556e+08	4.02724e+08
		-6.21734e+15	-1.6719e+15	5.85488e+15	1
23	-0.894038	0.677575	0.999877
		23	3.64228e+08	1.94735e+09
		6.17888e+14	-3.42967e+14	-5.86955e+14	1
24	-0.537263	-0.388911	-0.702784
		24	1.63311e+09	2.11474e+09
		5.13736e+14	2.91983e+13	8.43309e+12	1
25	-0.979087	0.899571	-0.311862
		25	1.61012e+09	7.91699e+08
		6.46523e+14	-4.18128e+14	-1.41694e+14	1
26	0.526375	0.972841	0.508236
		26	5.24872e+08	3.27255e+08
		1.35805e+14	-4.42987e+14	-4.19907e+14	1
27	-0.640937	-0.62652	0.821619
		27	3.52406e+08	1.60003e+09
		5.31812e+14	9.95917e+13	-5.26223e+14	1
28	-0.874451	-0.171753	-0.782784
		28	1.12005e+09	3.7841e+08
		6.11026e+14	-5.46889e+13	1.80631e+13	1
29	-0.857175	0.226909	0.956871
		29	1.40996e+09	2.07749e+09
		6.05181e+14	-1.8994e+14	-5.72123e+14	1
30	-0.0314628	0.835771	0.298262
		30	2.89701e+08	1.11714e+09
		3.25049e+14	-3.96484e+14	-3.48674e+14	1
31	-0.998826	0.0748467	0.913117
		31	9.90893e+08	1.76024e+09
		6.53259e+14	-1.38347e+14	-5.57289e+14	1
32	0.0936093	-0.755519	0.112749
		32	3.38888e+08	2.14747e+09
		2.82619e+14	1.43349e+14	-2.8574e+14	1
33	0.0414005	-0.194327	-0.583175
		33	2.14276e+09	1.16088e+08
		3.0033e+14	-4.70261e+13	-4.96439e+13	1
34	0.945511	-0.814799	-0.835455
		34	1.98228e+09	1.27537e+09
		-7.74844e+12	1.64543e+14	3.72243e+13	1
35	-0.993576	0.597961	0.855633
		35	1.96071e+09	1.76028e+09
		6.51509e+14	-3.15841e+14	-5.37802e+14	1
36	0.987497	0.995932	-0.981145
		36	9.71899e+08	1.47615e+09
		-2.07607e+13	-4.50956e+14	8.55065e+13	1
37	-0.986839	0.987528	0.0661557
		37	6.53469e+08	2.13079e+09
		7.63321e+14	-5.61362e+14	-2.70648e+14	1
38	-0.916007	-0.469395	-0.999902
		38	1.35057e+09	7.60658e+07
		6.25124e+14	4.62839e+13	9.17188e+13	1
39	0.951189	-0.843415	0.211058
		39	1.87534e+09	1.78464e+09
		-1.12985e+13	1.75728e+14	-3.19505e+14	1
40	0.579597	0.934263	-0.162423
		40	2.11226e+09	1.43211e+09
		1.17751e+14	-4.29897e+14	-1.9239e+14	1
41	0.988474	-0.950135	-0.860429
		41	1.909e+09	1.65345e+08
		-5.65733e+15	5.61955e+15	5.49546e+15	1
42	0.604666	0.220355	0.860842
		42	4.92068e+08	1.50457e+09
		1.09247e+14	-1.87709e+14	-5.39525e+14	1
43	0.152045	0.318757	-0.281799
		43	1.59259e+08	1.35951e+09
		2.62795e+14	-2.21091e+14	-1.51892e+14	1
44	-0.833824	-0.420077	0.999911
		44	2.08621e+09	6.01386e+08
		5.97257e+14	2.95575e+13	-5.8672e+14	1
45	0.923041	0.622888	-0.908495
		45	1.0125e+09	1.27247e+09
		1.23294e+12	-3.2427e+14	6.07176e+13	1
46	-0.828185	0.862575	-0.603932
		46	1.82039e+09	9.3311e+08
		5.95332e+14	-4.05578e+14	-4.26102e+13	1
47	-0.838656	-0.0639562	0.846625
		47	1.78938e+09	5.02279e+08
		5.98892e+14	-9.12554e+13	-5.34712e+14	1
48	0.998021	0.342513	-0.975446
		48	6.54887e+08	1.5292e+09
		-6.20184e+15	-2.64003e+15	6.67107e+15	1
49	-0.0943514	-0.0614394	0.93963
		49	8.89023e+08	1.49461e+09
		3.46383e+14	-9.2112e+13	-5.66253e+14	1
50	0.923835	0.923527	-0.829522
		50	3.96474e+08	1.30804e+09
		7.70056e+11	-4.26476e+14	3.41115e+13	1
51	-0.601908	0.696966	-0.576006
		51	1.59008e+09	4.34249e+08
		5.18568e+14	-3.49396e+14	-5.20843e+13	1
52	-0.158414	0.970869	-0.936965
		52	5.52473e+08	1.14341e+09
		3.68116e+14	-4.42322e+14	7.03745e+13	1
53	0.745396	0.504116	0.262818
		53	1.47344e+09	2.01306e+08
		6.1505e+13	-2.83972e+14	-3.36649e+14	1
54	0.0257039	-0.00871077	-0.46047
		54	1.27391e+09	1.43142e+09
		3.05655e+14	-1.10002e+14	-9.12751e+13	1
55	-0.98102	0.226553	0.0463585
		55	7.07901e+08	4.07487e+08
		6.47179e+14	-1.89811e+14	-2.63217e+14	1
56	-0.67398	-0.57148	-0.669689
		56	7.11846e+08	4.04159e+08
		5.43026e+14	8.09226e+13	-2.02973e+13	1
57	-0.319124	0.799437	-0.919529
		57	1.64255e+09	1.50125e+09
		4.22639e+14	-3.84162e+14	6.4459e+13	1
58	0.662098	-0.993937	-0.790969
		58	1.66274e+09	2.02519e+09
		8.97628e+13	2.24232e+14	2.08405e+13	1
59	-0.946539	-0.604468	0.991505
		59	1.70437e+09	1.17691e+09
		6.355e+14	9.21201e+13	-5.83868e+14	1
60	0.574703	-0.273407	0.842573
		60	1.87686e+09	1.06976e+09
		1.19385e+14	-2.01908e+13	-5.33354e+14	1
61	0.779702	0.417802	-0.965858
		61	1.85667e+09	1.05742e+09
		4.98593e+13	-2.54697e+14	8.01831e+13	1
62	-0.387362	-0.676708	-0.997124
		62	6.25032e+08	3.87452e+08
		4.45785e+14	1.16613e+14	9.07768e+13	1
63	0.42874	-0.717145	0.944331
		63	1.29517e+09	1.05747e+09
		-3.38753e+14	9.13833e+14	-1.60372e+15	1
64	0.319321	-0.843041	-0.994896
		64	4.76667e+08	1.07058e+09
		2.06048e+14	1.73041e+14	9.00209e+13	1
65	-0.47854	0.711841	0.610093
		65	6.97518e+08	2.00123e+09
		4.76726e+14	-3.54456e+14	-4.54468e+14	1
66	0.330803	-0.556366	-0.818612
		66	1.75692e+09	1.06531e+09
		2.02145e+14	7.58095e+13	3.02402e+13	1
67	-0.120909	-0.989818	-0.797777
		67	1.30757e+09	5.55997e+08
		3.55392e+14	2.22835e+14	2.31504e+13	1
68	0.961857	0.482032	0.963126
		68	1.38987e+09	7.80821e+08
		-1.19301e+13	-2.76481e+14	-5.74226e+14	1
69	0.201929	-0.999347	-0.426786
		69	9.17679e+08	2.00681e+09
		2.45872e+14	2.26066e+14	-1.02706e+14	1
70	-0.981678	0.826825	0.999924
		70	1.63591e+09	1.04674e+09
		6.4762e+14	-3.93641e+14	-5.86904e+14	1
71	-0.523882	0.71161	0.817921
		71	1.11178e+09	4.46341e+08
		4.92145e+14	-3.54424e+14	-5.25022e+14	1
72	-0.812181	-0.864066	0.724595
		72	8.46943e+08	5.24688e+08
		5.89902e+14	1.80174e+14	-4.93304e+14	1
73	0.740887	-0.796212	-0.99076
		73	2.11494e+09	7.26371e+08
		6.30324e+13	1.57157e+14	8.86218e+13	1
74	0.995518	-0.956626	-0.494532
		74	1.16148e+07	1.68209e+09
		-2.33474e+13	2.11574e+14	-7.97243e+13	1
75	-0.469933	-0.41677	-0.786054
		75	1.85872e+09	1.54835e+09
		4.85572e+14	4.08485e+13	4.32555e+13	1
76	0.993865	-0.978279	-0.998232
		76	1.52022e+09	4.52868e+08
		-2.47613e+13	2.20982e+14	9.34876e+13	1
77	-0.435248	-0.541097	0.21314
		77	2.13802e+08	8.22263e+08
		4.6203e+14	7.06082e+13	-3.19797e+14	1
78	-0.926749	-0.975875	-0.821424
		78	2.82828e+08	1.10613e+08
		6.28769e+14	2.18105e+14	3.1173e+13	1
79	0.418561	-0.479271	-0.98558
		79	1.48622e+09	9.50391e+08
		1.72366e+14	4.9648e+13	8.68986e+13	1
9007199254740992.000000	-nan
9007199254740992.000000	-nan
9007199254740992.000000	-nan
9007199254740992.000000	-nan
9007199254740992.000000	-nan
9007199254740992.000000	-nan
9007199254740992.000000	-nan
9007199254740992.000000	-nan
9007199254740992.000000	-nan
9007199254740992.000000	-nan
9007199254740992.000000	-nan
9007199254740992.000000	-nan
9007199254740992.000000	-nan
9007199254740992.000000	-nan
9007199254740992.000000	-nan
comparison of dv statistics:rank 0: mean=9007199254740992.000000	stdev=0.000000
rank 0 diff = 9.0072e+15

real	0m0.337s
user	0m0.277s
sys	0m0.048s


###############################################################################
TCHPC Cluster: lonsdale
Job 215207 (histogram) for User 'rooneydt' in Account 'mschpc'
Finished at: Sun Aug 23 21:39:22 IST 2015

Job completion status:
======================

       JobID    JobName AllocCPUS NTasks NNodes     MaxRSS    MaxRSSNode  MaxDiskRead MaxDiskWrite    Elapsed      State ExitCode 
------------ ---------- --------- ------ ------ ---------- ------------- ------------ ------------ ---------- ---------- -------- 
215207        histogram         8             1                                                      00:00:01  COMPLETED      0:0 
215207.batch      batch         8      1      1          0 lonsdale-n001        0.00M        0.00M   00:00:01  COMPLETED      0:0 


Job details:
============

JobId=215207 JobName=histogram
   UserId=rooneydt(5482) GroupId=rooneydt(9287)
   Priority=10064157 Nice=0 Account=mschpc QOS=normal
   JobState=COMPLETING Reason=None Dependency=(null)
   Requeue=1 Restarts=0 BatchFlag=1 Reboot=0 ExitCode=0:0
   DerivedExitCode=0:0
   RunTime=00:00:01 TimeLimit=00:30:00 TimeMin=N/A
   SubmitTime=2015-08-23T21:39:19 EligibleTime=2015-08-23T21:39:20
   StartTime=2015-08-23T21:39:20 EndTime=2015-08-23T21:39:21
   PreemptTime=None SuspendTime=None SecsPreSuspend=0
   Partition=debug AllocNode:Sid=lonsdale01:8939
   ReqNodeList=(null) ExcNodeList=(null)
   NodeList=
   BatchHost=lonsdale-n001
   NumNodes=1 NumCPUs=8 CPUs/Task=1 ReqB:S:C:T=0:0:*:*
   Socks/Node=* NtasksPerN:B:S:C=0:0:*:* CoreSpec=*
     Nodes=lonsdale-n001 CPU_IDs=0-7 Mem=15000
   MinCPUsNode=1 MinMemoryNode=15000M MinTmpDiskNode=0
   Features=(null) Gres=(null) Reservation=(null)
   Shared=0 Contiguous=0 Licenses=(null) Network=(null)
   Command=/home/users/mschpc/2014/rooneydt/3body/hist4.sh
   WorkDir=/home/users/mschpc/2014/rooneydt/3body
   StdErr=/home/users/mschpc/2014/rooneydt/3body/slurm-215207.out
   StdIn=/dev/null
   StdOut=/home/users/mschpc/2014/rooneydt/3body/slurm-215207.out


Disk quota details:
===================

Quota Type           Name  Filesystem     Usage in MB     Limit in MB    % Used
-------------------------------------------------------------------------------
USER             rooneydt       /home              35          51,200     0.07%

GROUP              mschpc   /projects          23,731          51,200    46.35%


SLURM Bank Statement:
=====================

User           Usage |        Account     Usage | Account Limit Available (CPU hrs)
---------- --------- + -------------- --------- + ------------- ---------

aljohani          22 |         MSCHPC   106,236 |       400,000   293,764
boycek           249 |         MSCHPC   106,236 |       400,000   293,764
dalyso           251 |         MSCHPC   106,236 |       400,000   293,764
deleligt         709 |         MSCHPC   106,236 |       400,000   293,764
dowlindo         563 |         MSCHPC   106,236 |       400,000   293,764
dunneff        4,157 |         MSCHPC   106,236 |       400,000   293,764
elynch         2,903 |         MSCHPC   106,236 |       400,000   293,764
hannigs            6 |         MSCHPC   106,236 |       400,000   293,764
hernonma         457 |         MSCHPC   106,236 |       400,000   293,764
holtonmi           0 |         MSCHPC   106,236 |       400,000   293,764
howardrj          37 |         MSCHPC   106,236 |       400,000   293,764
hynesr         1,365 |         MSCHPC   106,236 |       400,000   293,764
jabehan        4,012 |         MSCHPC   106,236 |       400,000   293,764
jbulava          158 |         MSCHPC   106,236 |       400,000   293,764
jose               0 |         MSCHPC   106,236 |       400,000   293,764
kcleary           67 |         MSCHPC   106,236 |       400,000   293,764
lambem           514 |         MSCHPC   106,236 |       400,000   293,764
liul1            505 |         MSCHPC   106,236 |       400,000   293,764
luoq           2,782 |         MSCHPC   106,236 |       400,000   293,764
makirby        1,126 |         MSCHPC   106,236 |       400,000   293,764
mcbridne       2,142 |         MSCHPC   106,236 |       400,000   293,764
mehtav            82 |         MSCHPC   106,236 |       400,000   293,764
melbyrne         300 |         MSCHPC   106,236 |       400,000   293,764
murphd37      15,590 |         MSCHPC   106,236 |       400,000   293,764
murrayb8       2,421 |         MSCHPC   106,236 |       400,000   293,764
nobyrnes       1,513 |         MSCHPC   106,236 |       400,000   293,764
oconnm28         619 |         MSCHPC   106,236 |       400,000   293,764
ormondca       1,661 |         MSCHPC   106,236 |       400,000   293,764
osheac9          968 |         MSCHPC   106,236 |       400,000   293,764
osullm40       6,523 |         MSCHPC   106,236 |       400,000   293,764
paddy          1,319 |         MSCHPC   106,236 |       400,000   293,764
phalpin          592 |         MSCHPC   106,236 |       400,000   293,764
purdyd           173 |         MSCHPC   106,236 |       400,000   293,764
rooneydt         366 |         MSCHPC   106,236 |       400,000   293,764
sharding       1,196 |         MSCHPC   106,236 |       400,000   293,764
sikelleh         990 |         MSCHPC   106,236 |       400,000   293,764
simpsoao         509 |         MSCHPC   106,236 |       400,000   293,764
smurray4         514 |         MSCHPC   106,236 |       400,000   293,764
spellacl       1,730 |         MSCHPC   106,236 |       400,000   293,764
vetsaa            80 |         MSCHPC   106,236 |       400,000   293,764
wechen         7,593 |         MSCHPC   106,236 |       400,000   293,764
wyattg           200 |         MSCHPC   106,236 |       400,000   293,764
zhuang         8,654 |         MSCHPC   106,236 |       400,000   293,764


Acknowledgements:
=================

Note that usage of TCHPC Resources *must* be acknowledged in all publications.

Please see this page for details relevant to this cluster:

http://www.tchpc.tcd.ie/resources/acknowledgementpolicy

################################################################################
