mpicc naive/compareStats.c -o bin/statsNaive -lm
comp
600 particles
[lonsdale-n001:16891] *** Process received signal ***
[lonsdale-n001:16891] Signal: Segmentation fault (11)
[lonsdale-n001:16891] Signal code: Address not mapped (1)
[lonsdale-n001:16891] Failing at address: 0xfffffffc00b14220
[lonsdale-n001:16891] [ 0] /lib64/libpthread.so.0() [0x396280f710]
[lonsdale-n001:16891] [ 1] bin/statsNaive(compareMultipleParticles+0x530) [0x403db3]
[lonsdale-n001:16891] [ 2] bin/statsNaive(main+0xcc1) [0x40539b]
[lonsdale-n001:16891] [ 3] /lib64/libc.so.6(__libc_start_main+0xfd) [0x396201ed5d]
[lonsdale-n001:16891] [ 4] bin/statsNaive() [0x401779]
[lonsdale-n001:16891] *** End of error message ***
--------------------------------------------------------------------------
mpirun noticed that process rank 0 with PID 16891 on node lonsdale-n001.cluster exited on signal 11 (Segmentation fault).
--------------------------------------------------------------------------

real	1m46.999s
user	1m46.930s
sys	0m0.044s
400 particles
[lonsdale-n001:16897] *** Process received signal ***
[lonsdale-n001:16897] Signal: Segmentation fault (11)
[lonsdale-n001:16897] Signal code: Address not mapped (1)
[lonsdale-n001:16897] Failing at address: 0xfffffffc02377720
[lonsdale-n001:16897] [ 0] /lib64/libpthread.so.0() [0x396280f710]
[lonsdale-n001:16897] [ 1] bin/statsNaive(compareMultipleParticles+0x530) [0x403db3]
[lonsdale-n001:16897] [ 2] bin/statsNaive(main+0xcc1) [0x40539b]
[lonsdale-n001:16897] [ 3] /lib64/libc.so.6(__libc_start_main+0xfd) [0x396201ed5d]
[lonsdale-n001:16897] [ 4] bin/statsNaive() [0x401779]
[lonsdale-n001:16897] *** End of error message ***
--------------------------------------------------------------------------
mpirun noticed that process rank 0 with PID 16897 on node lonsdale-n001.cluster exited on signal 11 (Segmentation fault).
--------------------------------------------------------------------------

real	0m31.515s
user	0m31.458s
sys	0m0.043s
200 particles
[lonsdale-n001:16901] *** Process received signal ***
[lonsdale-n001:16901] Signal: Segmentation fault (11)
[lonsdale-n001:16901] Signal code: Address not mapped (1)
[lonsdale-n001:16901] Failing at address: 0xfffffffc01627ca0
[lonsdale-n001:16901] [ 0] /lib64/libpthread.so.0() [0x396280f710]
[lonsdale-n001:16901] [ 1] bin/statsNaive(compareMultipleParticles+0x530) [0x403db3]
[lonsdale-n001:16901] [ 2] bin/statsNaive(main+0xcc1) [0x40539b]
[lonsdale-n001:16901] [ 3] /lib64/libc.so.6(__libc_start_main+0xfd) [0x396201ed5d]
[lonsdale-n001:16901] [ 4] bin/statsNaive() [0x401779]
[lonsdale-n001:16901] *** End of error message ***
--------------------------------------------------------------------------
mpirun noticed that process rank 0 with PID 16901 on node lonsdale-n001.cluster exited on signal 11 (Segmentation fault).
--------------------------------------------------------------------------

real	0m4.013s
user	0m3.954s
sys	0m0.048s


###############################################################################
TCHPC Cluster: lonsdale
Job 215175 (histogram) for User 'rooneydt' in Account 'mschpc'
Finished at: Sun Aug 23 17:08:49 IST 2015

Job completion status:
======================

       JobID    JobName AllocCPUS NTasks NNodes     MaxRSS    MaxRSSNode  MaxDiskRead MaxDiskWrite    Elapsed      State ExitCode 
------------ ---------- --------- ------ ------ ---------- ------------- ------------ ------------ ---------- ---------- -------- 
215175        histogram         8             1                                                      00:02:25     FAILED     11:0 
215175.batch      batch         8      1      1     11540K lonsdale-n001           8M        0.15M   00:02:25     FAILED     11:0 


Job details:
============

JobId=215175 JobName=histogram
   UserId=rooneydt(5482) GroupId=rooneydt(9287)
   Priority=10065074 Nice=0 Account=mschpc QOS=normal
   JobState=COMPLETING Reason=NonZeroExitCode Dependency=(null)
   Requeue=1 Restarts=0 BatchFlag=1 Reboot=0 ExitCode=139:0
   DerivedExitCode=0:0
   RunTime=00:02:25 TimeLimit=00:30:00 TimeMin=N/A
   SubmitTime=2015-08-23T17:06:23 EligibleTime=2015-08-23T17:06:23
   StartTime=2015-08-23T17:06:23 EndTime=2015-08-23T17:08:48
   PreemptTime=None SuspendTime=None SecsPreSuspend=0
   Partition=debug AllocNode:Sid=lonsdale01:11192
   ReqNodeList=(null) ExcNodeList=(null)
   NodeList=
   BatchHost=lonsdale-n001
   NumNodes=1 NumCPUs=8 CPUs/Task=1 ReqB:S:C:T=0:0:*:*
   Socks/Node=* NtasksPerN:B:S:C=0:0:*:* CoreSpec=*
     Nodes=lonsdale-n001 CPU_IDs=0-7 Mem=15000
   MinCPUsNode=1 MinMemoryNode=15000M MinTmpDiskNode=0
   Features=(null) Gres=(null) Reservation=(null)
   Shared=0 Contiguous=0 Licenses=(null) Network=(null)
   Command=/home/users/mschpc/2014/rooneydt/3body/hist3.sh
   WorkDir=/home/users/mschpc/2014/rooneydt/3body
   StdErr=/home/users/mschpc/2014/rooneydt/3body/slurm-215175.out
   StdIn=/dev/null
   StdOut=/home/users/mschpc/2014/rooneydt/3body/slurm-215175.out


Disk quota details:
===================

Quota Type           Name  Filesystem     Usage in MB     Limit in MB    % Used
-------------------------------------------------------------------------------
USER             rooneydt       /home              35          51,200     0.07%

GROUP              mschpc   /projects          23,731          51,200    46.35%


SLURM Bank Statement:
=====================

User           Usage |        Account     Usage | Account Limit Available (CPU hrs)
---------- --------- + -------------- --------- + ------------- ---------

aljohani          22 |         MSCHPC   106,076 |       400,000   293,924
boycek           249 |         MSCHPC   106,076 |       400,000   293,924
dalyso           244 |         MSCHPC   106,076 |       400,000   293,924
deleligt         709 |         MSCHPC   106,076 |       400,000   293,924
dowlindo         563 |         MSCHPC   106,076 |       400,000   293,924
dunneff        4,157 |         MSCHPC   106,076 |       400,000   293,924
elynch         2,903 |         MSCHPC   106,076 |       400,000   293,924
hannigs            6 |         MSCHPC   106,076 |       400,000   293,924
hernonma         457 |         MSCHPC   106,076 |       400,000   293,924
holtonmi           0 |         MSCHPC   106,076 |       400,000   293,924
howardrj          37 |         MSCHPC   106,076 |       400,000   293,924
hynesr         1,365 |         MSCHPC   106,076 |       400,000   293,924
jabehan        3,980 |         MSCHPC   106,076 |       400,000   293,924
jbulava          158 |         MSCHPC   106,076 |       400,000   293,924
jose               0 |         MSCHPC   106,076 |       400,000   293,924
kcleary           67 |         MSCHPC   106,076 |       400,000   293,924
lambem           514 |         MSCHPC   106,076 |       400,000   293,924
liul1            505 |         MSCHPC   106,076 |       400,000   293,924
luoq           2,782 |         MSCHPC   106,076 |       400,000   293,924
makirby        1,126 |         MSCHPC   106,076 |       400,000   293,924
mcbridne       2,142 |         MSCHPC   106,076 |       400,000   293,924
mehtav            82 |         MSCHPC   106,076 |       400,000   293,924
melbyrne         300 |         MSCHPC   106,076 |       400,000   293,924
murphd37      15,590 |         MSCHPC   106,076 |       400,000   293,924
murrayb8       2,421 |         MSCHPC   106,076 |       400,000   293,924
nobyrnes       1,513 |         MSCHPC   106,076 |       400,000   293,924
oconnm28         619 |         MSCHPC   106,076 |       400,000   293,924
ormondca       1,661 |         MSCHPC   106,076 |       400,000   293,924
osheac9          968 |         MSCHPC   106,076 |       400,000   293,924
osullm40       6,404 |         MSCHPC   106,076 |       400,000   293,924
paddy          1,319 |         MSCHPC   106,076 |       400,000   293,924
phalpin          592 |         MSCHPC   106,076 |       400,000   293,924
purdyd           173 |         MSCHPC   106,076 |       400,000   293,924
rooneydt         365 |         MSCHPC   106,076 |       400,000   293,924
sharding       1,196 |         MSCHPC   106,076 |       400,000   293,924
sikelleh         990 |         MSCHPC   106,076 |       400,000   293,924
simpsoao         509 |         MSCHPC   106,076 |       400,000   293,924
smurray4         514 |         MSCHPC   106,076 |       400,000   293,924
spellacl       1,730 |         MSCHPC   106,076 |       400,000   293,924
vetsaa            80 |         MSCHPC   106,076 |       400,000   293,924
wechen         7,593 |         MSCHPC   106,076 |       400,000   293,924
wyattg           200 |         MSCHPC   106,076 |       400,000   293,924
zhuang         8,654 |         MSCHPC   106,076 |       400,000   293,924


Acknowledgements:
=================

Note that usage of TCHPC Resources *must* be acknowledged in all publications.

Please see this page for details relevant to this cluster:

http://www.tchpc.tcd.ie/resources/acknowledgementpolicy

################################################################################
