make: `bin/statsNaive' is up to date.
comp
600 particles
8.1834	1.74435e-05
24.5502	1.62177e-05
40.917	1.10318e-05
57.2838	9.24032e-06
73.6506	8.39172e-06
90.0174	9.52319e-06
106.384	7.16596e-06
122.751	6.69452e-06
139.118	5.84592e-06
155.485	5.84592e-06
171.851	4.71445e-06
188.218	4.80874e-06
204.585	4.62016e-06
220.952	4.99732e-06
237.319	4.90303e-06
253.685	4.43158e-06
270.052	3.96014e-06
286.419	3.58298e-06
302.786	3.11154e-06
319.153	2.73438e-06
335.519	2.16865e-06
351.886	1.41434e-06
368.253	1.98007e-06
384.62	1.88578e-06
400.987	1.60291e-06
417.354	2.45151e-06
433.72	1.79149e-06
450.087	1.88578e-06
466.454	9.4289e-07
482.821	1.13147e-06
499.188	1.13147e-06
515.554	1.13147e-06
531.921	7.54312e-07
548.288	3.77156e-07
564.655	6.60023e-07
581.022	4.71445e-07
597.388	4.71445e-07
613.755	3.77156e-07
630.122	8.48601e-07
646.489	4.71445e-07
662.856	5.65734e-07
679.222	2.82867e-07
695.589	5.65734e-07
711.956	2.82867e-07
728.323	3.77156e-07
744.69	2.82867e-07
761.056	2.82867e-07
777.423	2.82867e-07
793.79	1.88578e-07
810.157	9.4289e-08
826.524	2.82867e-07
842.89	1.88578e-07
859.257	1.88578e-07
875.624	0
891.991	1.88578e-07
908.358	9.4289e-08
924.724	1.88578e-07
941.091	2.82867e-07
957.458	9.4289e-08
973.825	0
990.192	0
1006.56	0
1022.93	9.4289e-08
1039.29	9.4289e-08
1055.66	9.4289e-08
1072.03	0
1088.39	0
1104.76	9.4289e-08
1121.13	0
1137.49	0
1153.86	9.4289e-08
1170.23	0
1186.59	9.4289e-08
1202.96	0
1219.33	0
1235.69	0
1252.06	0
1268.43	0
1284.79	0
1301.16	0
1317.53	9.4289e-08
1333.89	0
1350.26	0
1366.63	0
1383	9.4289e-08
1399.36	0
1415.73	0
1432.1	0
1448.46	9.4289e-08
1464.83	9.4289e-08
1481.2	0
1497.56	9.4289e-08
1513.93	0
1530.3	0
1546.66	9.4289e-08
1563.03	0
1579.4	0
1595.76	0
1612.13	0
1628.5	0
1644.86	0
1661.23	0
1677.6	0
1693.96	9.4289e-08
1710.33	0
1726.7	0
1743.06	9.4289e-08
1759.43	0
1775.8	0
1792.17	0
1808.53	9.4289e-08
1824.9	0
1841.27	0
1857.63	0
1874	0
1890.37	0
1906.73	0
1923.1	0
1939.47	9.4289e-08
1955.83	0
1972.2	0
1988.57	0
2004.93	0
2021.3	0
2037.67	0
2054.03	0
2070.4	0
2086.77	0
2103.13	0
2119.5	0
2135.87	9.4289e-08
2152.23	0
2168.6	0
2184.97	0
2201.34	0
2217.7	0
2234.07	0
2250.44	0
2266.8	0
2283.17	0
2299.54	0
2315.9	0
2332.27	0
2348.64	0
2365	0
2381.37	0
2397.74	0
2414.1	0
2430.47	0
2446.84	0
2463.2	0
2479.57	0
2495.94	0
2512.3	0
2528.67	0
2545.04	0
2561.4	0
2577.77	0
2594.14	0
2610.51	0
2626.87	0
2643.24	0
2659.61	0
2675.97	0
2692.34	0
2708.71	0
2725.07	0
2741.44	0
2757.81	0
2774.17	0
2790.54	0
2806.91	0
2823.27	0
2839.64	0
2856.01	0
2872.37	0
2888.74	0
2905.11	0
2921.47	0
2937.84	0
2954.21	0
2970.58	0
2986.94	0
3003.31	0
3019.68	0
3036.04	0
3052.41	0
3068.78	0
3085.14	0
3101.51	0
3117.88	0
3134.24	0
3150.61	0
3166.98	0
3183.34	0
3199.71	0
3216.08	0
3232.44	0
3248.81	0
3265.18	0
3281.54	0
3297.91	0
3314.28	0
3330.64	0
3347.01	0
3363.38	0
3379.75	0
3396.11	0
3412.48	0
3428.85	0
3445.21	0
3461.58	0
3477.95	0
3494.31	0
3510.68	0
3527.05	0
3543.41	0
3559.78	0
3576.15	0
3592.51	0
3608.88	0
3625.25	0
3641.61	0
3657.98	0
3674.35	0
3690.71	0
3707.08	0
3723.45	0
3739.81	0
3756.18	0
3772.55	0
3788.92	0
3805.28	0
3821.65	0
3838.02	0
3854.38	0
3870.75	0
3887.12	0
3903.48	0
3919.85	0
3936.22	0
3952.58	0
3968.95	0
3985.32	0
4001.68	0
4018.05	0
4034.42	0
4050.78	0
4067.15	0
4083.52	0
4099.88	0
4116.25	0
4132.62	0
4148.99	0
4165.35	0
4181.72	0
4198.09	0
4214.45	0
4230.82	0
4247.19	0
4263.55	0
4279.92	0
4296.29	0
4312.65	0
4329.02	0
4345.39	0
4361.75	0
4378.12	0
4394.49	0
4410.85	0
4427.22	0
4443.59	0
4459.95	0
4476.32	0
4492.69	0
4509.05	0
4525.42	0
4541.79	0
4558.16	0
4574.52	0
4590.89	0
4607.26	0
4623.62	0
4639.99	0
4656.36	0
4672.72	0
4689.09	0
4705.46	0
4721.82	0
4738.19	0
4754.56	0
4770.92	0
4787.29	0
4803.66	0
4820.02	0
4836.39	0
4852.76	0
4869.12	0
4885.49	0
4901.86	0
4918.22	0
4934.59	0
4950.96	0
4967.33	0
4983.69	0
5000.06	0
5016.43	0
5032.79	0
5049.16	0
5065.53	0
5081.89	0
5098.26	0
5114.63	0
5130.99	0
5147.36	0
5163.73	0
5180.09	0
5196.46	0
5212.83	0
5229.19	0
5245.56	0
5261.93	0
5278.29	0
5294.66	0
5311.03	0
5327.39	0
5343.76	0
5360.13	0
5376.5	9.4289e-08
5392.86	0
5409.23	0
5425.6	0
5441.96	0
5458.33	0
5474.7	0
5491.06	0
5507.43	0
5523.8	0
5540.16	0
5556.53	0
5572.9	0
5589.26	0
5605.63	0
5622	0
5638.36	0
5654.73	0
5671.1	0
5687.46	0
5703.83	0
5720.2	0
5736.57	0
5752.93	0
5769.3	0
5785.67	0
5802.03	0
5818.4	0
5834.77	0
5851.13	0
5867.5	0
5883.87	9.4289e-08
comparison of dv statistics:rank 0: mean=200.282319	stdev=283.172480
rank 0 diff = 5892.05

real	1m47.577s
user	1m46.854s
sys	0m0.110s
400 particles
33.3581	3.32566e-05
100.074	1.57695e-05
166.79	6.76581e-06
233.507	3.85131e-06
300.223	1.40521e-06
366.939	7.80671e-07
433.655	2.08179e-07
500.371	1.56134e-07
567.087	0
633.803	5.20447e-08
700.52	5.20447e-08
767.236	0
833.952	0
900.668	0
967.384	0
1034.1	0
1100.82	1.04089e-07
1167.53	0
1234.25	0
1300.96	0
1367.68	0
1434.4	0
1501.11	0
1567.83	0
1634.55	0
1701.26	0
1767.98	0
1834.69	0
1901.41	0
1968.13	0
2034.84	0
2101.56	0
2168.27	0
2234.99	0
2301.71	0
2368.42	0
2435.14	0
2501.86	0
2568.57	0
2635.29	0
2702	0
2768.72	0
2835.44	0
2902.15	0
2968.87	0
3035.58	0
3102.3	0
3169.02	0
3235.73	0
3302.45	0
3369.17	0
3435.88	0
3502.6	0
3569.31	0
3636.03	0
3702.75	0
3769.46	0
3836.18	0
3902.89	0
3969.61	0
4036.33	0
4103.04	0
4169.76	0
4236.48	0
4303.19	0
4369.91	0
4436.62	0
4503.34	0
4570.06	0
4636.77	0
4703.49	0
4770.2	0
4836.92	0
4903.64	0
4970.35	0
5037.07	0
5103.79	0
5170.5	0
5237.22	0
5303.93	0
5370.65	0
5437.37	0
5504.08	0
5570.8	0
5637.51	0
5704.23	0
5770.95	0
5837.66	0
5904.38	0
5971.1	0
6037.81	0
6104.53	0
6171.24	0
6237.96	0
6304.68	0
6371.39	0
6438.11	0
6504.82	0
6571.54	0
6638.26	0
6704.97	0
6771.69	0
6838.41	0
6905.12	0
6971.84	0
7038.55	0
7105.27	0
7171.99	0
7238.7	0
7305.42	0
7372.13	0
7438.85	0
7505.57	0
7572.28	0
7639	0
7705.72	0
7772.43	0
7839.15	0
7905.86	0
7972.58	0
8039.3	0
8106.01	0
8172.73	0
8239.44	0
8306.16	0
8372.88	0
8439.59	0
8506.31	0
8573.02	0
8639.74	0
8706.46	0
8773.17	0
8839.89	0
8906.61	0
8973.32	0
9040.04	0
9106.75	0
9173.47	0
9240.19	0
9306.9	0
9373.62	0
9440.33	0
9507.05	0
9573.77	0
9640.48	0
9707.2	0
9773.92	0
9840.63	0
9907.35	0
9974.06	0
10040.8	0
10107.5	0
10174.2	0
10240.9	0
10307.6	0
10374.4	0
10441.1	0
10507.8	0
10574.5	0
10641.2	0
10707.9	0
10774.7	0
10841.4	0
10908.1	0
10974.8	0
11041.5	0
11108.2	0
11175	0
11241.7	0
11308.4	0
11375.1	0
11441.8	0
11508.5	0
11575.3	0
11642	0
11708.7	0
11775.4	0
11842.1	0
11908.8	0
11975.5	0
12042.3	0
12109	0
12175.7	0
12242.4	0
12309.1	0
12375.8	0
12442.6	0
12509.3	0
12576	0
12642.7	0
12709.4	0
12776.1	0
12842.9	0
12909.6	0
12976.3	0
13043	0
13109.7	0
13176.4	0
13243.2	0
13309.9	0
13376.6	0
13443.3	0
13510	0
13576.7	0
13643.5	0
13710.2	0
13776.9	0
13843.6	0
13910.3	0
13977	0
14043.7	0
14110.5	0
14177.2	0
14243.9	0
14310.6	0
14377.3	0
14444	0
14510.8	0
14577.5	0
14644.2	0
14710.9	0
14777.6	0
14844.3	0
14911.1	0
14977.8	0
15044.5	0
15111.2	0
15177.9	0
15244.6	0
15311.4	0
15378.1	0
15444.8	0
15511.5	0
15578.2	0
15644.9	0
15711.7	0
15778.4	0
15845.1	0
15911.8	0
15978.5	5.20447e-08
comparison of dv statistics:rank 0: mean=99.953226	stdev=469.132651
rank 0 diff = 16011.9

real	0m31.666s
user	0m31.596s
sys	0m0.051s
200 particles
3.30845	0.000142732
9.92536	0.000197306
16.5423	0.000153227
23.1592	0.000113346
29.7761	0.000123841
36.393	0.000102851
43.0099	6.0871e-05
49.6268	7.5564e-05
56.2437	4.8277e-05
62.8606	4.4079e-05
69.4775	3.7782e-05
76.0944	3.7782e-05
82.7113	1.8891e-05
89.3282	8.396e-06
95.9451	1.8891e-05
102.562	1.4693e-05
109.179	2.099e-06
115.796	8.396e-06
122.413	6.297e-06
129.03	2.099e-06
135.647	4.198e-06
142.263	6.297e-06
148.88	4.198e-06
155.497	4.198e-06
162.114	0
168.731	2.099e-06
175.348	0
181.965	6.297e-06
188.582	2.099e-06
195.199	0
201.816	0
208.432	0
215.049	0
221.666	0
228.283	0
234.9	0
241.517	2.099e-06
248.134	0
254.751	0
261.368	2.099e-06
267.985	0
274.602	0
281.218	0
287.835	0
294.452	0
301.069	0
307.686	0
314.303	0
320.92	0
327.537	0
334.154	0
340.771	0
347.387	0
354.004	2.099e-06
360.621	2.099e-06
367.238	0
373.855	0
380.472	0
387.089	0
393.706	0
400.323	0
406.94	0
413.556	0
420.173	0
426.79	0
433.407	0
440.024	0
446.641	0
453.258	0
459.875	0
466.492	0
473.109	0
479.726	0
486.342	0
492.959	0
499.576	2.099e-06
506.193	0
512.81	0
519.427	0
526.044	0
532.661	0
539.278	0
545.895	0
552.511	0
559.128	0
565.745	0
572.362	0
578.979	0
585.596	0
592.213	0
598.83	0
605.447	0
612.064	0
618.68	0
625.297	0
631.914	0
638.531	0
645.148	0
651.765	0
658.382	0
664.999	0
671.616	0
678.233	0
684.85	0
691.466	0
698.083	0
704.7	0
711.317	0
717.934	0
724.551	0
731.168	0
737.785	0
744.402	0
751.019	0
757.635	0
764.252	0
770.869	0
777.486	0
784.103	0
790.72	2.099e-06
comparison of dv statistics:rank 0: mean=39.650197	stdev=53.125995
rank 0 diff = 794.028

real	0m4.070s
user	0m3.934s
sys	0m0.048s


###############################################################################
TCHPC Cluster: lonsdale
Job 215226 (histogram) for User 'rooneydt' in Account 'mschpc'
Finished at: Sun Aug 23 22:28:50 IST 2015

Job completion status:
======================

       JobID    JobName AllocCPUS NTasks NNodes     MaxRSS    MaxRSSNode  MaxDiskRead MaxDiskWrite    Elapsed      State ExitCode 
------------ ---------- --------- ------ ------ ---------- ------------- ------------ ------------ ---------- ---------- -------- 
215226        histogram         8             1                                                      00:02:26  COMPLETED      0:0 
215226.batch      batch         8      1      1     11536K lonsdale-n003        0.73M        0.02M   00:02:26  COMPLETED      0:0 


Job details:
============

JobId=215226 JobName=histogram
   UserId=rooneydt(5482) GroupId=rooneydt(9287)
   Priority=10063287 Nice=0 Account=mschpc QOS=normal
   JobState=COMPLETING Reason=None Dependency=(null)
   Requeue=1 Restarts=0 BatchFlag=1 Reboot=0 ExitCode=0:0
   DerivedExitCode=0:0
   RunTime=00:02:26 TimeLimit=00:30:00 TimeMin=N/A
   SubmitTime=2015-08-23T22:26:24 EligibleTime=2015-08-23T22:26:24
   StartTime=2015-08-23T22:26:24 EndTime=2015-08-23T22:28:50
   PreemptTime=None SuspendTime=None SecsPreSuspend=0
   Partition=debug AllocNode:Sid=lonsdale01:8939
   ReqNodeList=(null) ExcNodeList=(null)
   NodeList=
   BatchHost=lonsdale-n003
   NumNodes=1 NumCPUs=8 CPUs/Task=1 ReqB:S:C:T=0:0:*:*
   Socks/Node=* NtasksPerN:B:S:C=0:0:*:* CoreSpec=*
     Nodes=lonsdale-n003 CPU_IDs=0-7 Mem=15000
   MinCPUsNode=1 MinMemoryNode=15000M MinTmpDiskNode=0
   Features=(null) Gres=(null) Reservation=(null)
   Shared=0 Contiguous=0 Licenses=(null) Network=(null)
   Command=/home/users/mschpc/2014/rooneydt/3body/hist3.sh
   WorkDir=/home/users/mschpc/2014/rooneydt/3body
   StdErr=/home/users/mschpc/2014/rooneydt/3body/slurm-215226.out
   StdIn=/dev/null
   StdOut=/home/users/mschpc/2014/rooneydt/3body/slurm-215226.out


Disk quota details:
===================

Quota Type           Name  Filesystem     Usage in MB     Limit in MB    % Used
-------------------------------------------------------------------------------
USER             rooneydt       /home              36          51,200     0.07%

GROUP              mschpc   /projects          23,731          51,200    46.35%


SLURM Bank Statement:
=====================

User           Usage |        Account     Usage | Account Limit Available (CPU hrs)
---------- --------- + -------------- --------- + ------------- ---------

aljohani          22 |         MSCHPC   106,307 |       400,000   293,693
boycek           249 |         MSCHPC   106,307 |       400,000   293,693
dalyso           251 |         MSCHPC   106,307 |       400,000   293,693
deleligt         709 |         MSCHPC   106,307 |       400,000   293,693
dowlindo         563 |         MSCHPC   106,307 |       400,000   293,693
dunneff        4,157 |         MSCHPC   106,307 |       400,000   293,693
elynch         2,903 |         MSCHPC   106,307 |       400,000   293,693
hannigs            6 |         MSCHPC   106,307 |       400,000   293,693
hernonma         457 |         MSCHPC   106,307 |       400,000   293,693
holtonmi           0 |         MSCHPC   106,307 |       400,000   293,693
howardrj          37 |         MSCHPC   106,307 |       400,000   293,693
hynesr         1,365 |         MSCHPC   106,307 |       400,000   293,693
jabehan        4,020 |         MSCHPC   106,307 |       400,000   293,693
jbulava          158 |         MSCHPC   106,307 |       400,000   293,693
jose               0 |         MSCHPC   106,307 |       400,000   293,693
kcleary           67 |         MSCHPC   106,307 |       400,000   293,693
lambem           514 |         MSCHPC   106,307 |       400,000   293,693
liul1            505 |         MSCHPC   106,307 |       400,000   293,693
luoq           2,782 |         MSCHPC   106,307 |       400,000   293,693
makirby        1,126 |         MSCHPC   106,307 |       400,000   293,693
mcbridne       2,142 |         MSCHPC   106,307 |       400,000   293,693
mehtav            82 |         MSCHPC   106,307 |       400,000   293,693
melbyrne         300 |         MSCHPC   106,307 |       400,000   293,693
murphd37      15,590 |         MSCHPC   106,307 |       400,000   293,693
murrayb8       2,421 |         MSCHPC   106,307 |       400,000   293,693
nobyrnes       1,513 |         MSCHPC   106,307 |       400,000   293,693
oconnm28         619 |         MSCHPC   106,307 |       400,000   293,693
ormondca       1,661 |         MSCHPC   106,307 |       400,000   293,693
osheac9          968 |         MSCHPC   106,307 |       400,000   293,693
osullm40       6,586 |         MSCHPC   106,307 |       400,000   293,693
paddy          1,319 |         MSCHPC   106,307 |       400,000   293,693
phalpin          592 |         MSCHPC   106,307 |       400,000   293,693
purdyd           173 |         MSCHPC   106,307 |       400,000   293,693
rooneydt         366 |         MSCHPC   106,307 |       400,000   293,693
sharding       1,196 |         MSCHPC   106,307 |       400,000   293,693
sikelleh         990 |         MSCHPC   106,307 |       400,000   293,693
simpsoao         509 |         MSCHPC   106,307 |       400,000   293,693
smurray4         514 |         MSCHPC   106,307 |       400,000   293,693
spellacl       1,730 |         MSCHPC   106,307 |       400,000   293,693
vetsaa            80 |         MSCHPC   106,307 |       400,000   293,693
wechen         7,593 |         MSCHPC   106,307 |       400,000   293,693
wyattg           200 |         MSCHPC   106,307 |       400,000   293,693
zhuang         8,654 |         MSCHPC   106,307 |       400,000   293,693


Acknowledgements:
=================

Note that usage of TCHPC Resources *must* be acknowledged in all publications.

Please see this page for details relevant to this cluster:

http://www.tchpc.tcd.ie/resources/acknowledgementpolicy

################################################################################
