make: `bin/naive' is up to date.
gen
1536 particles
32 core checking
rank 12 diff = 47.3976
rank 13 diff = 43.4026
rank 11 diff = 47.8593
rank 14 diff = 43.7093
rank 16 diff = 48.2103
rank 17 diff = 49.7824
rank 18 diff = 73.3104
rank 15 diff = 59.7024
rank 19 diff = 92.8739
rank 20 diff = 95.1569
rank 21 diff = 98.0985
rank 24 diff = 134.065
rank 27 diff = 27.3564
rank 10 diff = 39.4856
rank 26 diff = 35.143
rank 25 diff = 145.279
rank 1 diff = 40.2823
rank 2 diff = 84.4013
rank 28 diff = 19.3736
rank 29 diff = 27.6147
rank 4 diff = 116.334
rank 30 diff = 35.895
rank 31 diff = 41.8007
rank 3 diff = 64.9706
rank 6 diff = 58.4801
rank 7 diff = 48.3259
rank 5 diff = 76.3317
rank 8 diff = 51.3072
rank 9 diff = 55.3418
rank 0 diff = 96.2423
rank 23 diff = 97.5298
rank 22 diff = 98.3344

real	1m4.379s
user	8m16.399s
sys	0m0.952s
24 core checking
rank 15 diff = 106.352
rank 13 diff = 66.7542
rank 14 diff = 94.9532
rank 11 diff = 61.3758
rank 12 diff = 51.162
rank 10 diff = 45.1471
rank 9 diff = 48.383
rank 16 diff = 107.79
rank 17 diff = 98.1888
rank 18 diff = 137.631
rank 8 diff = 52.3113
rank 7 diff = 65.1803
rank 19 diff = 47.0493
rank 20 diff = 29.452
rank 21 diff = 20.5845
rank 4 diff = 63.8183
rank 5 diff = 50.8182
rank 6 diff = 50.0708
rank 3 diff = 103.263
rank 22 diff = 31.7826
rank 23 diff = 45.1718
rank 1 diff = 77.7915
rank 2 diff = 91.076
rank 0 diff = 109.398

real	1m22.311s
user	10m35.324s
sys	0m0.874s


###############################################################################
TCHPC Cluster: lonsdale
Job 214225 (1536particles) for User 'rooneydt' in Account 'mschpc'
Finished at: Wed Aug 19 23:15:20 IST 2015

Job completion status:
======================

       JobID    JobName AllocCPUS NTasks NNodes     MaxRSS    MaxRSSNode  MaxDiskRead MaxDiskWrite    Elapsed      State ExitCode 
------------ ---------- --------- ------ ------ ---------- ------------- ------------ ------------ ---------- ---------- -------- 
214225       1536parti+        32             4                                                      00:02:28  COMPLETED      0:0 
214225.batch      batch        32      1      1    219976K lonsdale-n049           1M           1M   00:02:28  COMPLETED      0:0 
214225.0          orted         3      3      3    210256K lonsdale-n061        0.18M        0.27M   00:01:06  COMPLETED      0:0 
214225.1          orted         2      2      2    215116K lonsdale-n060        0.18M        0.24M   00:01:22  COMPLETED      0:0 


Job details:
============

JobId=214225 JobName=1536particles
   UserId=rooneydt(5482) GroupId=rooneydt(9287)
   Priority=10229622 Nice=0 Account=mschpc QOS=normal
   JobState=COMPLETING Reason=None Dependency=(null)
   Requeue=1 Restarts=0 BatchFlag=1 Reboot=0 ExitCode=0:0
   DerivedExitCode=0:0
   RunTime=00:02:28 TimeLimit=00:20:00 TimeMin=N/A
   SubmitTime=2015-08-19T23:10:02 EligibleTime=2015-08-19T23:10:02
   StartTime=2015-08-19T23:12:52 EndTime=2015-08-19T23:15:20
   PreemptTime=None SuspendTime=None SecsPreSuspend=0
   Partition=compute AllocNode:Sid=lonsdale01:19188
   ReqNodeList=(null) ExcNodeList=(null)
   NodeList=lonsdale-n[055,060]
   BatchHost=lonsdale-n049
   NumNodes=2 NumCPUs=16 CPUs/Task=1 ReqB:S:C:T=0:0:*:*
   Socks/Node=* NtasksPerN:B:S:C=0:0:*:* CoreSpec=*
     Nodes=lonsdale-n[049,055,060-061] CPU_IDs=0-7 Mem=15000
   MinCPUsNode=1 MinMemoryNode=15000M MinTmpDiskNode=0
   Features=(null) Gres=(null) Reservation=(null)
   Shared=0 Contiguous=0 Licenses=(null) Network=(null)
   Command=/home/users/mschpc/2014/rooneydt/3body/sbatch15.sh
   WorkDir=/home/users/mschpc/2014/rooneydt/3body
   StdErr=/home/users/mschpc/2014/rooneydt/3body/slurm-214225.out
   StdIn=/dev/null
   StdOut=/home/users/mschpc/2014/rooneydt/3body/slurm-214225.out


Disk quota details:
===================

Quota Type           Name  Filesystem     Usage in MB     Limit in MB    % Used
-------------------------------------------------------------------------------
USER             rooneydt       /home              30          51,200     0.06%

GROUP              mschpc   /projects          23,731          51,200    46.35%


SLURM Bank Statement:
=====================

User           Usage |        Account     Usage | Account Limit Available (CPU hrs)
---------- --------- + -------------- --------- + ------------- ---------

aljohani          22 |         MSCHPC   103,205 |       400,000   296,795
boycek           430 |         MSCHPC   103,205 |       400,000   296,795
dalyso           200 |         MSCHPC   103,205 |       400,000   296,795
deleligt         709 |         MSCHPC   103,205 |       400,000   296,795
dowlindo         563 |         MSCHPC   103,205 |       400,000   296,795
dunneff        4,157 |         MSCHPC   103,205 |       400,000   296,795
elynch         2,903 |         MSCHPC   103,205 |       400,000   296,795
hannigs            6 |         MSCHPC   103,205 |       400,000   296,795
hernonma         457 |         MSCHPC   103,205 |       400,000   296,795
holtonmi           0 |         MSCHPC   103,205 |       400,000   296,795
howardrj          37 |         MSCHPC   103,205 |       400,000   296,795
hynesr         1,365 |         MSCHPC   103,205 |       400,000   296,795
jabehan        3,862 |         MSCHPC   103,205 |       400,000   296,795
jbulava          158 |         MSCHPC   103,205 |       400,000   296,795
jose               0 |         MSCHPC   103,205 |       400,000   296,795
kcleary           67 |         MSCHPC   103,205 |       400,000   296,795
lambem           514 |         MSCHPC   103,205 |       400,000   296,795
liul1            504 |         MSCHPC   103,205 |       400,000   296,795
luoq           2,782 |         MSCHPC   103,205 |       400,000   296,795
makirby        1,126 |         MSCHPC   103,205 |       400,000   296,795
mcbridne       2,142 |         MSCHPC   103,205 |       400,000   296,795
mehtav            82 |         MSCHPC   103,205 |       400,000   296,795
melbyrne         302 |         MSCHPC   103,205 |       400,000   296,795
murphd37      15,590 |         MSCHPC   103,205 |       400,000   296,795
murrayb8       2,421 |         MSCHPC   103,205 |       400,000   296,795
nobyrnes       1,513 |         MSCHPC   103,205 |       400,000   296,795
oconnm28         619 |         MSCHPC   103,205 |       400,000   296,795
ormondca       1,661 |         MSCHPC   103,205 |       400,000   296,795
osheac9          968 |         MSCHPC   103,205 |       400,000   296,795
osullm40       3,809 |         MSCHPC   103,205 |       400,000   296,795
paddy          1,363 |         MSCHPC   103,205 |       400,000   296,795
phalpin          592 |         MSCHPC   103,205 |       400,000   296,795
purdyd           173 |         MSCHPC   103,205 |       400,000   296,795
rooneydt         319 |         MSCHPC   103,205 |       400,000   296,795
sharding       1,196 |         MSCHPC   103,205 |       400,000   296,795
sikelleh         842 |         MSCHPC   103,205 |       400,000   296,795
simpsoao         509 |         MSCHPC   103,205 |       400,000   296,795
smurray4         514 |         MSCHPC   103,205 |       400,000   296,795
spellacl       1,730 |         MSCHPC   103,205 |       400,000   296,795
vetsaa            80 |         MSCHPC   103,205 |       400,000   296,795
wechen         7,593 |         MSCHPC   103,205 |       400,000   296,795
wyattg           200 |         MSCHPC   103,205 |       400,000   296,795
zhuang         8,265 |         MSCHPC   103,205 |       400,000   296,795


Acknowledgements:
=================

Note that usage of TCHPC Resources *must* be acknowledged in all publications.

Please see this page for details relevant to this cluster:

http://www.tchpc.tcd.ie/resources/acknowledgementpolicy

################################################################################
