touch naive/naive.c
mpicc naive/compareStats.c -o bin/statsNaive -lm
mpicc naive/naive.c -o bin/naive -lm
comp
600 particles
400 particles
80 particles
initializing
initializing
initializing
initializing
initializing
initializing
initializing
initializing
0	-0.576292	-0.52637	0.892106
		0	7.58589e+08	1.99576e+09
		-7.689e+18	3.36368e+19	2.077e+18	1
1	-0.691796	-0.305783	-0.27543
		1	9.34666e+08	2.02739e+09
		-4.91538e+18	2.83398e+19	3.01133e+19	1
2	0.784535	0.9908	0.89055
		2	1.7265e+09	6.68742e+07
		-4.03669e+19	-2.79536e+18	2.11437e+18	1
3	-0.944582	0.795925	0.720337
		3	9.04338e+08	1.50445e+09
		1.15484e+18	1.88423e+18	6.20174e+18	1
4	0.676894	0.834036	-0.542105
		4	1.422e+09	1.40773e+09
		-3.77821e+19	9.6905e+17	3.65171e+19	1
5	-0.0670573	-0.999976	0.999439
		5	1.76397e+09	1.10045e+09
		-1.99174e+19	4.50097e+19	-5.00415e+17	1
6	0.704044	0.892038	-0.798142
		6	1.99961e+09	1.51088e+08
		-3.8434e+19	-4.23769e+17	4.26654e+19	1
7	0.828628	-0.947651	0.322943
		7	6.53081e+08	7.83981e+08
		-4.14259e+19	4.37534e+19	1.57444e+19	1
8	0.291632	-0.918652	0.988477
		8	8.28601e+07	1.0601e+09
		-2.85307e+19	4.30568e+19	-2.37169e+17	1
9	-0.379641	-0.947272	-0.573593
		9	1.34851e+09	4.86707e+08
		-1.24112e+19	4.37441e+19	3.72732e+19	1
comparison of dv statistics:rank 2: mean=9007199254740992.000000	stdev=0.000000
rank 2 diff = 9.0072e+15
0	-0.184471	-0.117745	-0.952389
		0	1.74461e+09	1.56885e+09
		-1.70979e+19	2.38244e+19	4.63693e+19	1
1	0.918613	0.965854	-0.308459
		1	1.81582e+09	4.198e+08
		-4.35884e+19	-2.19817e+18	3.09072e+19	1
2	0.701442	-0.828952	0.714066
		2	9.85308e+08	1.06927e+09
		-3.83716e+19	4.09028e+19	6.35231e+18	1
3	-0.149388	0.876016	-0.0390431
		3	2.13501e+09	1.47301e+09
		-1.79404e+19	-3.90078e+16	2.44369e+19	1
4	0.750711	-0.993486	0.329986
		4	1.64144e+09	7.15626e+08
		-3.95548e+19	4.48541e+19	1.55753e+19	1
5	-0.805233	-0.998486	0.957976
		5	2.11552e+08	2.02011e+09
		-2.19138e+18	4.49739e+19	4.95243e+17	1
6	-0.998622	-0.691152	0.918409
		6	3.53851e+08	1.892e+09
		2.45253e+18	3.75938e+19	1.44537e+18	1
7	-0.993219	0.78877	0.594406
		7	1.40902e+09	1.43064e+09
		2.32276e+18	2.05605e+18	9.22576e+18	1
8	-0.439949	0.992425	-0.550706
		8	8.2076e+08	6.07651e+07
		-1.09631e+19	-2.83438e+18	3.67236e+19	1
9	-0.936904	0.928294	-0.153591
		9	3.39762e+08	1.11073e+09
		9.70452e+17	-1.29439e+18	2.71876e+19	1
comparison of dv statistics:rank 5: mean=9007199254740992.000000	stdev=0.000000
rank 5 diff = 9.0072e+15
0	0.894276	0.917129	0.423474
		0	6.53855e+07	2.13228e+09
		-4.30021e+19	-1.02628e+18	1.33304e+19	1
1	-0.896111	-0.996657	-0.711658
		1	1.34053e+09	7.62604e+08
		-9.10644e+15	4.493e+19	4.05886e+19	1
2	-0.959985	0.843248	-0.845259
		2	1.60737e+09	1.14262e+09
		1.5247e+18	7.4785e+17	4.37968e+19	1
3	-0.460754	-0.725611	-0.700297
		3	4.71308e+08	7.19784e+07
		-1.04634e+19	3.84213e+19	4.03158e+19	1
4	-0.529664	-0.950896	0.0437456
		4	1.67425e+09	8.87022e+08
		-8.80869e+18	4.38311e+19	2.24489e+19	1
5	0.96581	0.292011	0.978072
		5	1.5453e+09	1.46814e+09
		-4.47199e+19	1.39849e+19	1.26875e+16	1
6	0.335605	0.983563	-0.954595
		6	2.1245e+09	6.1253e+08
		-2.95866e+19	-2.62156e+18	4.64223e+19	1
7	-0.399439	0.909599	-0.94286
		7	6.99959e+08	8.30411e+08
		-1.19358e+19	-8.45457e+17	4.61405e+19	1
8	0.985369	0.994174	-0.291047
		8	8.44757e+08	9.60699e+08
		-4.51918e+19	-2.8784e+18	3.0489e+19	1
9	-0.92201	-0.662795	-0.60124
		9	1.52316e+09	8.87778e+08
		6.12799e+17	3.69128e+19	3.79371e+19	1
comparison of dv statistics:rank 1: mean=9007199254740992.000000	stdev=0.000000
rank 1 diff = 9.0072e+15
0	-0.728325	-0.996166	-0.560628
		0	1.36492e+09	3.63349e+08
		-4.03819e+18	4.49182e+19	3.69619e+19	1
1	0.951899	0.227158	-0.167339
		1	3.38155e+08	1.68513e+09
		-4.43859e+19	1.55422e+19	2.75177e+19	1
2	-0.950459	0.890867	0.992432
		2	1.11185e+09	2.145e+09
		8.75414e+20	-7.7881e+20	-9.06212e+20	1
3	0.173818	0.306632	-0.667236
		3	4.20529e+08	7.67456e+08
		-2.57016e+19	1.36338e+19	3.95219e+19	1
4	0.99591	0.972206	-0.624495
		4	3.25025e+08	1.62412e+08
		-4.54427e+19	-2.34886e+18	3.84955e+19	1
5	0.498418	-0.789742	0.70873
		5	1.51657e+09	5.94407e+08
		-3.34963e+19	3.99613e+19	6.48047e+18	1
6	-0.0795045	-0.0615101	-0.974476
		6	2.30075e+08	1.44496e+09
		-1.96185e+19	2.2474e+19	4.68997e+19	1
7	-0.903712	0.999871	-0.905787
		7	3.18478e+08	3.14777e+08
		1.73419e+17	-3.01318e+18	4.52503e+19	1
8	0.592614	-0.393125	-0.770654
		8	1.14862e+09	2.04112e+08
		-3.57582e+19	3.04372e+19	4.20053e+19	1
9	0.327532	-0.733065	-0.493192
		9	1.25544e+09	1.79955e+09
		-2.93928e+19	3.86003e+19	3.53425e+19	1
comparison of dv statistics:rank 6: mean=9007199254740992.000000	stdev=0.000000
rank 6 diff = 9.0072e+15
0	-0.833903	-0.532935	0.458372
		0	2.12388e+09	1.70748e+09
		-1.50292e+18	3.37945e+19	1.24924e+19	1
1	-0.996824	-0.48227	0.929092
		1	1.16251e+09	2.29343e+08
		2.40933e+18	3.25779e+19	1.18885e+18	1
2	0.929193	0.0914169	0.791802
		2	8.65568e+08	1.74466e+07
		-6.836e+19	1.80451e+19	-1.39534e+19	1
3	-0.425531	-0.125045	0.908839
		3	1.70967e+09	1.11073e+09
		-1.13093e+19	2.39997e+19	1.6752e+18	1
4	0.939075	0.796993	0.917147
		4	8.49049e+08	1.28575e+09
		-4.40779e+19	1.85858e+18	1.47568e+18	1
5	-0.283422	0.952082	-0.595205
		5	1.0576e+09	2.75419e+08
		-1.47218e+19	-1.86562e+18	3.77922e+19	1
6	0.434664	-0.997884	-0.769403
		6	1.59464e+09	1.93992e+08
		-3.19654e+19	4.49594e+19	4.19752e+19	1
7	0.00950089	-0.649296	-0.214843
		7	1.49716e+09	1.54602e+09
		-2.17558e+19	3.65887e+19	2.86585e+19	1
8	0.886469	-0.488648	0.419243
		8	1.57299e+09	2.54244e+06
		-4.28147e+19	3.2731e+19	1.3432e+19	1
9	0.495028	0.930384	-0.391353
		9	6.43302e+08	1.51439e+09
		-3.34149e+19	-1.34458e+18	3.2897e+19	1
comparison of dv statistics:rank 4: mean=9007199254740992.000000	stdev=0.000000
rank 4 diff = 9.0072e+15
0	0.938054	0.485175	0.887995
		0	9.78213e+08	1.29691e+09
		-4.40534e+19	9.34634e+18	2.17573e+18	1
1	-0.816019	-0.289306	0.96802
		1	2.06801e+09	7.92375e+08
		-1.93239e+18	2.79442e+19	2.54067e+17	1
2	-0.799094	-0.949842	-0.486326
		2	1.22521e+09	2.12769e+09
		-2.33879e+18	4.38058e+19	3.51777e+19	1
3	-0.752434	0.871497	0.206768
		3	8.33779e+08	4.38744e+07
		-3.45926e+18	6.95092e+16	1.85342e+19	1
4	-0.055416	-0.693562	0.565482
		4	5.08089e+07	6.53213e+08
		-2.01969e+19	3.76517e+19	9.9203e+18	1
5	0.784915	-0.528119	-0.339807
		5	1.7181e+09	1.99179e+08
		-4.0376e+19	3.36788e+19	3.16593e+19	1
6	-0.301453	0.953484	0.395395
		6	5.23659e+07	9.55438e+08
		-1.42888e+19	-1.89928e+18	1.40046e+19	1
7	-0.677682	-0.399123	-0.675527
		7	2.32965e+08	1.93541e+08
		-5.25431e+18	3.05812e+19	3.9721e+19	1
8	0.975087	0.609792	0.776588
		8	1.4017e+09	1.32798e+09
		-4.49427e+19	6.35389e+18	4.85097e+18	1
9	-0.804362	-0.535543	0.959206
		9	9.59896e+08	2.30275e+08
		-2.21229e+18	3.38571e+19	4.65701e+17	1
comparison of dv statistics:rank 7: mean=9007199254740992.000000	stdev=0.000000
rank 7 diff = 9.0072e+15
0	-0.420857	0.98812	-0.833835
		0	3.68015e+08	7.76858e+08
		-1.14215e+19	-2.73101e+18	4.35225e+19	1
1	0.987075	0.820192	-0.963326
		1	1.58252e+09	1.12875e+09
		-4.52306e+19	1.30151e+18	4.6632e+19	1
2	0.990528	-0.587379	-0.710344
		2	1.8322e+09	3.78815e+07
		-4.53135e+19	3.51019e+19	4.0557e+19	1
3	-0.999357	0.917483	0.982569
		3	2.32703e+08	7.70513e+08
		2.5283e+18	-1.08545e+18	-1.48571e+17	1
4	-0.0625375	-0.667874	-0.811505
		4	5.49171e+07	1.88154e+09
		-2.00259e+19	3.70348e+19	4.29862e+19	1
5	-0.721551	-0.589617	0.89191
		5	8.74957e+08	6.79051e+08
		-4.20087e+18	3.51556e+19	2.08169e+18	1
6	0.946108	-0.240842	-0.0847926
		6	1.79049e+09	1.78523e+09
		-4.42468e+19	2.67804e+19	2.55355e+19	1
7	-0.434039	0.327965	0.217317
		7	5.26333e+08	6.16167e+08
		-1.1105e+19	1.31215e+19	1.82809e+19	1
8	0.90264	0.102476	0.805272
		8	2.94195e+08	2.12845e+09
		-6.57978e+19	1.6978e+19	-1.52532e+19	1
9	-0.876304	0.900144	0.999497
		9	2.04477e+09	1.00302e+09
		-4.7858e+17	-6.25081e+17	-5.09474e+17	1
comparison of dv statistics:rank 3: mean=9007199254740992.000000	stdev=0.000000
rank 3 diff = 9.0072e+15
0	-0.939367	0.899455	0.974395
		0	4.55528e+08	1.33006e+08
		8.45034e+20	-8.02292e+20	-8.56819e+20	1
1	0.405725	0.58966	0.347203
		1	6.89414e+08	5.85691e+08
		-3.12704e+19	6.83733e+18	1.51619e+19	1
2	0.479812	0.44405	-0.947804
		2	4.33228e+08	9.47378e+07
		-3.30495e+19	1.03339e+19	4.62592e+19	1
3	0.620856	0.0823543	-0.353288
		3	6.37109e+07	1.88655e+09
		-3.64364e+19	1.90194e+19	3.1983e+19	1
4	-0.117565	-0.78736	-0.463806
		4	1.96643e+09	4.03909e+08
		-1.87045e+19	3.99041e+19	3.46369e+19	1
5	-0.996253	0.148822	-0.240208
		5	1.3691e+09	1.8916e+09
		2.39563e+18	1.74233e+19	2.92676e+19	1
6	-0.86566	0.0421231	0.187923
		6	1.24266e+09	6.02417e+07
		-7.40343e+17	1.99855e+19	1.89867e+19	1
7	-0.910813	-0.770595	0.914009
		7	8.37983e+08	2.04836e+09
		3.43942e+17	3.95015e+19	1.55103e+18	1
8	0.876963	0.28701	0.557909
		8	1.70963e+09	2.06092e+09
		-4.25864e+19	1.41049e+19	1.01022e+19	1
9	0.978294	0.310072	-0.951824
		9	7.94114e+08	3.6442e+08
		-4.50197e+19	1.35511e+19	4.63558e+19	1
comparison of dv statistics:rank 0: mean=9007199254740992.000000	stdev=0.000000
rank 0 diff = 9.0072e+15

real	0m1.265s
user	0m0.436s
sys	0m0.527s


###############################################################################
TCHPC Cluster: lonsdale
Job 215212 (histogram) for User 'rooneydt' in Account 'mschpc'
Finished at: Sun Aug 23 21:54:38 IST 2015

Job completion status:
======================

       JobID    JobName AllocCPUS NTasks NNodes     MaxRSS    MaxRSSNode  MaxDiskRead MaxDiskWrite    Elapsed      State ExitCode 
------------ ---------- --------- ------ ------ ---------- ------------- ------------ ------------ ---------- ---------- -------- 
215212        histogram         8             1                                                      00:00:03  COMPLETED      0:0 
215212.batch      batch         8      1      1     24484K lonsdale-n001          15M        0.26M   00:00:03  COMPLETED      0:0 


Job details:
============

JobId=215212 JobName=histogram
   UserId=rooneydt(5482) GroupId=rooneydt(9287)
   Priority=10064058 Nice=0 Account=mschpc QOS=normal
   JobState=COMPLETING Reason=None Dependency=(null)
   Requeue=1 Restarts=0 BatchFlag=1 Reboot=0 ExitCode=0:0
   DerivedExitCode=0:0
   RunTime=00:00:03 TimeLimit=00:30:00 TimeMin=N/A
   SubmitTime=2015-08-23T21:54:34 EligibleTime=2015-08-23T21:54:34
   StartTime=2015-08-23T21:54:35 EndTime=2015-08-23T21:54:38
   PreemptTime=None SuspendTime=None SecsPreSuspend=0
   Partition=debug AllocNode:Sid=lonsdale01:8939
   ReqNodeList=(null) ExcNodeList=(null)
   NodeList=
   BatchHost=lonsdale-n001
   NumNodes=1 NumCPUs=8 CPUs/Task=1 ReqB:S:C:T=0:0:*:*
   Socks/Node=* NtasksPerN:B:S:C=0:0:*:* CoreSpec=*
     Nodes=lonsdale-n001 CPU_IDs=0-7 Mem=15000
   MinCPUsNode=1 MinMemoryNode=15000M MinTmpDiskNode=0
   Features=(null) Gres=(null) Reservation=(null)
   Shared=0 Contiguous=0 Licenses=(null) Network=(null)
   Command=/home/users/mschpc/2014/rooneydt/3body/hist4.sh
   WorkDir=/home/users/mschpc/2014/rooneydt/3body
   StdErr=/home/users/mschpc/2014/rooneydt/3body/slurm-215212.out
   StdIn=/dev/null
   StdOut=/home/users/mschpc/2014/rooneydt/3body/slurm-215212.out


Disk quota details:
===================

Quota Type           Name  Filesystem     Usage in MB     Limit in MB    % Used
-------------------------------------------------------------------------------
USER             rooneydt       /home              36          51,200     0.07%

GROUP              mschpc   /projects          23,731          51,200    46.35%


SLURM Bank Statement:
=====================

User           Usage |        Account     Usage | Account Limit Available (CPU hrs)
---------- --------- + -------------- --------- + ------------- ---------

aljohani          22 |         MSCHPC   106,236 |       400,000   293,764
boycek           249 |         MSCHPC   106,236 |       400,000   293,764
dalyso           251 |         MSCHPC   106,236 |       400,000   293,764
deleligt         709 |         MSCHPC   106,236 |       400,000   293,764
dowlindo         563 |         MSCHPC   106,236 |       400,000   293,764
dunneff        4,157 |         MSCHPC   106,236 |       400,000   293,764
elynch         2,903 |         MSCHPC   106,236 |       400,000   293,764
hannigs            6 |         MSCHPC   106,236 |       400,000   293,764
hernonma         457 |         MSCHPC   106,236 |       400,000   293,764
holtonmi           0 |         MSCHPC   106,236 |       400,000   293,764
howardrj          37 |         MSCHPC   106,236 |       400,000   293,764
hynesr         1,365 |         MSCHPC   106,236 |       400,000   293,764
jabehan        4,012 |         MSCHPC   106,236 |       400,000   293,764
jbulava          158 |         MSCHPC   106,236 |       400,000   293,764
jose               0 |         MSCHPC   106,236 |       400,000   293,764
kcleary           67 |         MSCHPC   106,236 |       400,000   293,764
lambem           514 |         MSCHPC   106,236 |       400,000   293,764
liul1            505 |         MSCHPC   106,236 |       400,000   293,764
luoq           2,782 |         MSCHPC   106,236 |       400,000   293,764
makirby        1,126 |         MSCHPC   106,236 |       400,000   293,764
mcbridne       2,142 |         MSCHPC   106,236 |       400,000   293,764
mehtav            82 |         MSCHPC   106,236 |       400,000   293,764
melbyrne         300 |         MSCHPC   106,236 |       400,000   293,764
murphd37      15,590 |         MSCHPC   106,236 |       400,000   293,764
murrayb8       2,421 |         MSCHPC   106,236 |       400,000   293,764
nobyrnes       1,513 |         MSCHPC   106,236 |       400,000   293,764
oconnm28         619 |         MSCHPC   106,236 |       400,000   293,764
ormondca       1,661 |         MSCHPC   106,236 |       400,000   293,764
osheac9          968 |         MSCHPC   106,236 |       400,000   293,764
osullm40       6,523 |         MSCHPC   106,236 |       400,000   293,764
paddy          1,319 |         MSCHPC   106,236 |       400,000   293,764
phalpin          592 |         MSCHPC   106,236 |       400,000   293,764
purdyd           173 |         MSCHPC   106,236 |       400,000   293,764
rooneydt         366 |         MSCHPC   106,236 |       400,000   293,764
sharding       1,196 |         MSCHPC   106,236 |       400,000   293,764
sikelleh         990 |         MSCHPC   106,236 |       400,000   293,764
simpsoao         509 |         MSCHPC   106,236 |       400,000   293,764
smurray4         514 |         MSCHPC   106,236 |       400,000   293,764
spellacl       1,730 |         MSCHPC   106,236 |       400,000   293,764
vetsaa            80 |         MSCHPC   106,236 |       400,000   293,764
wechen         7,593 |         MSCHPC   106,236 |       400,000   293,764
wyattg           200 |         MSCHPC   106,236 |       400,000   293,764
zhuang         8,654 |         MSCHPC   106,236 |       400,000   293,764


Acknowledgements:
=================

Note that usage of TCHPC Resources *must* be acknowledged in all publications.

Please see this page for details relevant to this cluster:

http://www.tchpc.tcd.ie/resources/acknowledgementpolicy

################################################################################
