make: `bin/statsNaive' is up to date.
comp
600 particles
could not open file: compStats/init/comp600.initcommand line options failure
--------------------------------------------------------------------------
mpirun has exited due to process rank 0 with PID 4337 on
node lonsdale-n002.cluster exiting improperly. There are two reasons this could occur:

1. this process did not call "init" before exiting, but others in
the job did. This can cause a job to hang indefinitely while it waits
for all processes to call "init". By rule, if one process calls "init",
then ALL processes must call "init" prior to termination.

2. this process called "init", but exited without calling "finalize".
By rule, all processes that call "init" MUST call "finalize" prior to
exiting or it will be considered an "abnormal termination"

This may have caused other processes in the application to be
terminated by signals sent by mpirun (as reported here).
--------------------------------------------------------------------------

real	0m0.504s
user	0m0.040s
sys	0m0.035s
400 particles
could not open file: compStats/init/comp400.initcommand line options failure
--------------------------------------------------------------------------
mpirun has exited due to process rank 0 with PID 4341 on
node lonsdale-n002.cluster exiting improperly. There are two reasons this could occur:

1. this process did not call "init" before exiting, but others in
the job did. This can cause a job to hang indefinitely while it waits
for all processes to call "init". By rule, if one process calls "init",
then ALL processes must call "init" prior to termination.

2. this process called "init", but exited without calling "finalize".
By rule, all processes that call "init" MUST call "finalize" prior to
exiting or it will be considered an "abnormal termination"

This may have caused other processes in the application to be
terminated by signals sent by mpirun (as reported here).
--------------------------------------------------------------------------

real	0m0.076s
user	0m0.027s
sys	0m0.041s
200 particles
could not open file: compStats/init/comp200.initcommand line options failure
--------------------------------------------------------------------------
mpirun has exited due to process rank 0 with PID 4345 on
node lonsdale-n002.cluster exiting improperly. There are two reasons this could occur:

1. this process did not call "init" before exiting, but others in
the job did. This can cause a job to hang indefinitely while it waits
for all processes to call "init". By rule, if one process calls "init",
then ALL processes must call "init" prior to termination.

2. this process called "init", but exited without calling "finalize".
By rule, all processes that call "init" MUST call "finalize" prior to
exiting or it will be considered an "abnormal termination"

This may have caused other processes in the application to be
terminated by signals sent by mpirun (as reported here).
--------------------------------------------------------------------------

real	0m0.076s
user	0m0.032s
sys	0m0.035s


###############################################################################
TCHPC Cluster: lonsdale
Job 215171 (histogram) for User 'rooneydt' in Account 'mschpc'
Finished at: Sun Aug 23 15:37:32 IST 2015

Job completion status:
======================

       JobID    JobName AllocCPUS NTasks NNodes     MaxRSS    MaxRSSNode  MaxDiskRead MaxDiskWrite    Elapsed      State ExitCode 
------------ ---------- --------- ------ ------ ---------- ------------- ------------ ------------ ---------- ---------- -------- 
215171        histogram         8             1                                                      00:00:03     FAILED      1:0 
215171.batch      batch         8      1      1          0 lonsdale-n002        0.00M        0.00M   00:00:03     FAILED      1:0 


Job details:
============

JobId=215171 JobName=histogram
   UserId=rooneydt(5482) GroupId=rooneydt(9287)
   Priority=10065283 Nice=0 Account=mschpc QOS=normal
   JobState=COMPLETING Reason=NonZeroExitCode Dependency=(null)
   Requeue=1 Restarts=0 BatchFlag=1 Reboot=0 ExitCode=1:0
   DerivedExitCode=0:0
   RunTime=00:00:03 TimeLimit=00:30:00 TimeMin=N/A
   SubmitTime=2015-08-23T15:36:01 EligibleTime=2015-08-23T15:37:29
   StartTime=2015-08-23T15:37:29 EndTime=2015-08-23T15:37:32
   PreemptTime=None SuspendTime=None SecsPreSuspend=0
   Partition=debug AllocNode:Sid=lonsdale01:22816
   ReqNodeList=(null) ExcNodeList=(null)
   NodeList=
   BatchHost=lonsdale-n002
   NumNodes=1 NumCPUs=8 CPUs/Task=1 ReqB:S:C:T=0:0:*:*
   Socks/Node=* NtasksPerN:B:S:C=0:0:*:* CoreSpec=*
     Nodes=lonsdale-n002 CPU_IDs=0-7 Mem=15000
   MinCPUsNode=1 MinMemoryNode=15000M MinTmpDiskNode=0
   Features=(null) Gres=(null) Reservation=(null)
   Shared=0 Contiguous=0 Licenses=(null) Network=(null)
   Command=/home/users/mschpc/2014/rooneydt/3body/hist3.sh
   WorkDir=/home/users/mschpc/2014/rooneydt/3body
   StdErr=/home/users/mschpc/2014/rooneydt/3body/slurm-215171.out
   StdIn=/dev/null
   StdOut=/home/users/mschpc/2014/rooneydt/3body/slurm-215171.out


Disk quota details:
===================

Quota Type           Name  Filesystem     Usage in MB     Limit in MB    % Used
-------------------------------------------------------------------------------
USER             rooneydt       /home              33          51,200     0.07%

GROUP              mschpc   /projects          23,731          51,200    46.35%


SLURM Bank Statement:
=====================

User           Usage |        Account     Usage | Account Limit Available (CPU hrs)
---------- --------- + -------------- --------- + ------------- ---------

aljohani          22 |         MSCHPC   106,028 |       400,000   293,972
boycek           249 |         MSCHPC   106,028 |       400,000   293,972
dalyso           244 |         MSCHPC   106,028 |       400,000   293,972
deleligt         709 |         MSCHPC   106,028 |       400,000   293,972
dowlindo         563 |         MSCHPC   106,028 |       400,000   293,972
dunneff        4,157 |         MSCHPC   106,028 |       400,000   293,972
elynch         2,903 |         MSCHPC   106,028 |       400,000   293,972
hannigs            6 |         MSCHPC   106,028 |       400,000   293,972
hernonma         457 |         MSCHPC   106,028 |       400,000   293,972
holtonmi           0 |         MSCHPC   106,028 |       400,000   293,972
howardrj          37 |         MSCHPC   106,028 |       400,000   293,972
hynesr         1,365 |         MSCHPC   106,028 |       400,000   293,972
jabehan        3,949 |         MSCHPC   106,028 |       400,000   293,972
jbulava          158 |         MSCHPC   106,028 |       400,000   293,972
jose               0 |         MSCHPC   106,028 |       400,000   293,972
kcleary           67 |         MSCHPC   106,028 |       400,000   293,972
lambem           514 |         MSCHPC   106,028 |       400,000   293,972
liul1            505 |         MSCHPC   106,028 |       400,000   293,972
luoq           2,782 |         MSCHPC   106,028 |       400,000   293,972
makirby        1,126 |         MSCHPC   106,028 |       400,000   293,972
mcbridne       2,142 |         MSCHPC   106,028 |       400,000   293,972
mehtav            82 |         MSCHPC   106,028 |       400,000   293,972
melbyrne         300 |         MSCHPC   106,028 |       400,000   293,972
murphd37      15,590 |         MSCHPC   106,028 |       400,000   293,972
murrayb8       2,421 |         MSCHPC   106,028 |       400,000   293,972
nobyrnes       1,513 |         MSCHPC   106,028 |       400,000   293,972
oconnm28         619 |         MSCHPC   106,028 |       400,000   293,972
ormondca       1,661 |         MSCHPC   106,028 |       400,000   293,972
osheac9          968 |         MSCHPC   106,028 |       400,000   293,972
osullm40       6,388 |         MSCHPC   106,028 |       400,000   293,972
paddy          1,319 |         MSCHPC   106,028 |       400,000   293,972
phalpin          592 |         MSCHPC   106,028 |       400,000   293,972
purdyd           173 |         MSCHPC   106,028 |       400,000   293,972
rooneydt         364 |         MSCHPC   106,028 |       400,000   293,972
sharding       1,196 |         MSCHPC   106,028 |       400,000   293,972
sikelleh         990 |         MSCHPC   106,028 |       400,000   293,972
simpsoao         509 |         MSCHPC   106,028 |       400,000   293,972
smurray4         514 |         MSCHPC   106,028 |       400,000   293,972
spellacl       1,730 |         MSCHPC   106,028 |       400,000   293,972
vetsaa            80 |         MSCHPC   106,028 |       400,000   293,972
wechen         7,593 |         MSCHPC   106,028 |       400,000   293,972
wyattg           200 |         MSCHPC   106,028 |       400,000   293,972
zhuang         8,654 |         MSCHPC   106,028 |       400,000   293,972


Acknowledgements:
=================

Note that usage of TCHPC Resources *must* be acknowledged in all publications.

Please see this page for details relevant to this cluster:

http://www.tchpc.tcd.ie/resources/acknowledgementpolicy

################################################################################
