no gen
c2
reading particles
reading particles
should have particles now
should have particles now
combining results
comparing resultsrank 0 diff = 72822.6
combining results
comparing resultsrank 1 diff = 88812.8

real	4m29.561s
user	8m56.820s
sys	0m0.067s
c4
reading particles
reading particles
reading particles
reading particles
should have particles now
should have particles now
should have particles now
should have particles now
combining results
comparing resultsrank 3 diff = 107876
combining results
comparing resultsrank 2 diff = 6370.1
combining results
comparing resultsrank 0 diff = 14986.7
combining results
comparing resultsrank 1 diff = 23221.6

real	2m15.166s
user	8m56.264s
sys	0m0.138s
c16
reading particles
reading particles
reading particles
reading particles
reading particles
reading particles
reading particles
reading particles
reading particles
reading particles
reading particles
reading particles
reading particles
reading particles
reading particles
reading particles
should have particles now
should have particles now
should have particles now
should have particles now
should have particles now
should have particles now
should have particles now
should have particles now
should have particles now
should have particles now
should have particles now
should have particles now
should have particles now
should have particles now
should have particles now
should have particles now
combining results
comparing resultsrank 7 diff = 6554.37
combining results
comparing resultsrank 6 diff = 2454.56
combining results
comparing resultsrank 4 diff = 9251.71
combining results
comparing resultsrank 5 diff = 1408.53
combining results
comparing resultsrank 2 diff = 424.941
combining results
comparing resultsrank 3 diff = 818.905
combining results
combining results
comparing resultsrank 8 diff = 735.5
comparing resultsrank 1 diff = 4705.27
combining results
comparing resultsrank 9 diff = 3900.04
combining results
comparing resultsrank 10 diff = 328.748
combining results
comparing resultsrank 11 diff = 344.062
combining results
comparing resultsrank 0 diff = 686.054
combining results
comparing resultsrank 13 diff = 2997.18
combining results
comparing resultsrank 12 diff = 1339.19
combining results
comparing resultsrank 15 diff = 24061.2
combining results
comparing resultsrank 14 diff = 892.112

real	0m38.527s
user	4m55.180s
sys	0m0.915s
c8
reading particles
reading particles
reading particles
reading particles
reading particles
reading particles
reading particles
reading particles
should have particles now
should have particles now
should have particles now
should have particles now
should have particles now
should have particles now
should have particles now
should have particles now
combining results
comparing resultsrank 1 diff = 887.577
combining results
comparing resultsrank 3 diff = 12196.2
combining results
comparing resultsrank 2 diff = 10066.5
combining results
comparing resultsrank 4 diff = 5522.56
combining results
comparing resultsrank 0 diff = 5829.28
combining results
comparing resultsrank 7 diff = 44888.4
combining results
comparing resultsrank 6 diff = 1191.42
combining results
comparing resultsrank 5 diff = 882.915

real	1m9.474s
user	9m2.025s
sys	0m0.564s


###############################################################################
TCHPC Cluster: lonsdale
Job 213416 (1024particles) for User 'rooneydt' in Account 'mschpc'
Finished at: Mon Aug 17 00:48:08 IST 2015

Job completion status:
======================

       JobID    JobName AllocCPUS NTasks NNodes     MaxRSS    MaxRSSNode  MaxDiskRead MaxDiskWrite    Elapsed      State ExitCode 
------------ ---------- --------- ------ ------ ---------- ------------- ------------ ------------ ---------- ---------- -------- 
213416       1024parti+        16             2                                                      00:08:34  COMPLETED      0:0 
213416.batch      batch        16      1      1    210208K lonsdale-n001           3M        0.67M   00:08:34  COMPLETED      0:0 
213416.0          orted         1      1      1    206648K lonsdale-n002        0.16M        0.21M   00:00:40  COMPLETED      0:0 


Job details:
============

JobId=213416 JobName=1024particles
   UserId=rooneydt(5482) GroupId=rooneydt(9287)
   Priority=11493906 Nice=0 Account=mschpc QOS=normal
   JobState=COMPLETING Reason=None Dependency=(null)
   Requeue=1 Restarts=0 BatchFlag=1 Reboot=0 ExitCode=0:0
   DerivedExitCode=0:0
   RunTime=00:08:34 TimeLimit=00:30:00 TimeMin=N/A
   SubmitTime=2015-08-17T00:24:44 EligibleTime=2015-08-17T00:39:34
   StartTime=2015-08-17T00:39:34 EndTime=2015-08-17T00:48:08
   PreemptTime=None SuspendTime=None SecsPreSuspend=0
   Partition=debug AllocNode:Sid=lonsdale01:17121
   ReqNodeList=(null) ExcNodeList=(null)
   NodeList=
   BatchHost=lonsdale-n001
   NumNodes=2 NumCPUs=16 CPUs/Task=1 ReqB:S:C:T=0:0:*:*
   Socks/Node=* NtasksPerN:B:S:C=0:0:*:* CoreSpec=*
     Nodes=lonsdale-n[001-002] CPU_IDs=0-7 Mem=15000
   MinCPUsNode=1 MinMemoryNode=15000M MinTmpDiskNode=0
   Features=(null) Gres=(null) Reservation=(null)
   Shared=0 Contiguous=0 Licenses=(null) Network=(null)
   Command=/home/users/mschpc/2014/rooneydt/3body/sbatch4.sh
   WorkDir=/home/users/mschpc/2014/rooneydt/3body
   StdErr=/home/users/mschpc/2014/rooneydt/3body/slurm-213416.out
   StdIn=/dev/null
   StdOut=/home/users/mschpc/2014/rooneydt/3body/slurm-213416.out


Disk quota details:
===================

Quota Type           Name  Filesystem     Usage in MB     Limit in MB    % Used
-------------------------------------------------------------------------------
USER             rooneydt       /home              29          51,200     0.06%

GROUP              mschpc   /projects          23,731          51,200    46.35%


SLURM Bank Statement:
=====================

User           Usage |        Account     Usage | Account Limit Available (CPU hrs)
---------- --------- + -------------- --------- + ------------- ---------

aljohani          22 |         MSCHPC    95,723 |       400,000   304,277
boycek           714 |         MSCHPC    95,723 |       400,000   304,277
dalyso           200 |         MSCHPC    95,723 |       400,000   304,277
deleligt         709 |         MSCHPC    95,723 |       400,000   304,277
dowlindo         563 |         MSCHPC    95,723 |       400,000   304,277
dunneff        4,157 |         MSCHPC    95,723 |       400,000   304,277
elynch         2,903 |         MSCHPC    95,723 |       400,000   304,277
hannigs            6 |         MSCHPC    95,723 |       400,000   304,277
hernonma         457 |         MSCHPC    95,723 |       400,000   304,277
holtonmi           0 |         MSCHPC    95,723 |       400,000   304,277
howardrj          37 |         MSCHPC    95,723 |       400,000   304,277
hynesr         1,365 |         MSCHPC    95,723 |       400,000   304,277
jabehan        3,698 |         MSCHPC    95,723 |       400,000   304,277
jbulava          158 |         MSCHPC    95,723 |       400,000   304,277
jose               0 |         MSCHPC    95,723 |       400,000   304,277
kcleary           67 |         MSCHPC    95,723 |       400,000   304,277
lambem           514 |         MSCHPC    95,723 |       400,000   304,277
liul1            504 |         MSCHPC    95,723 |       400,000   304,277
luoq           2,782 |         MSCHPC    95,723 |       400,000   304,277
makirby        1,126 |         MSCHPC    95,723 |       400,000   304,277
mcbridne       2,142 |         MSCHPC    95,723 |       400,000   304,277
mehtav            82 |         MSCHPC    95,723 |       400,000   304,277
melbyrne         326 |         MSCHPC    95,723 |       400,000   304,277
murphd37      15,590 |         MSCHPC    95,723 |       400,000   304,277
murrayb8       2,421 |         MSCHPC    95,723 |       400,000   304,277
nobyrnes       1,513 |         MSCHPC    95,723 |       400,000   304,277
oconnm28         619 |         MSCHPC    95,723 |       400,000   304,277
ormondca       1,661 |         MSCHPC    95,723 |       400,000   304,277
osheac9          968 |         MSCHPC    95,723 |       400,000   304,277
osullm40       2,258 |         MSCHPC    95,723 |       400,000   304,277
paddy          1,363 |         MSCHPC    95,723 |       400,000   304,277
phalpin          286 |         MSCHPC    95,723 |       400,000   304,277
purdyd           173 |         MSCHPC    95,723 |       400,000   304,277
rooneydt         297 |         MSCHPC    95,723 |       400,000   304,277
sharding       1,196 |         MSCHPC    95,723 |       400,000   304,277
sikelleh         763 |         MSCHPC    95,723 |       400,000   304,277
simpsoao         509 |         MSCHPC    95,723 |       400,000   304,277
smurray4         514 |         MSCHPC    95,723 |       400,000   304,277
spellacl       1,730 |         MSCHPC    95,723 |       400,000   304,277
vetsaa            80 |         MSCHPC    95,723 |       400,000   304,277
wechen         7,593 |         MSCHPC    95,723 |       400,000   304,277
wyattg           200 |         MSCHPC    95,723 |       400,000   304,277
zhuang         2,490 |         MSCHPC    95,723 |       400,000   304,277


Acknowledgements:
=================

Note that usage of TCHPC Resources *must* be acknowledged in all publications.

Please see this page for details relevant to this cluster:

http://www.tchpc.tcd.ie/resources/acknowledgementpolicy

################################################################################
