nogen
c32
reading particles
reading particles
reading particles
reading particles
reading particles
reading particles
reading particles
reading particles
reading particles
reading particles
reading particles
reading particles
reading particles
reading particles
reading particles
reading particles
reading particles
reading particles
reading particles
reading particles
reading particles
reading particles
reading particles
reading particles
reading particles
reading particles
reading particles
reading particles
reading particles
reading particles
reading particles
reading particles
should have particles now
should have particles now
should have particles now
should have particles now
should have particles now
should have particles now
should have particles now
should have particles now
should have particles now
should have particles now
should have particles now
should have particles now
should have particles now
should have particles now
should have particles now
should have particles now
should have particles now
should have particles now
should have particles now
should have particles now
should have particles now
should have particles now
should have particles now
should have particles now
should have particles now
should have particles now
should have particles now
should have particles now
should have particles now
should have particles now
should have particles now
should have particles now
combining results
comparing resultsrank 8 diff = 6396.65
combining results
comparing resultsrank 10 diff = 907.713
combining results
comparing resultsrank 9 diff = 9164.58
combining results
comparing resultsrank 11 diff = 1749.95
combining results
comparing resultsrank 12 diff = 1450.39
combining results
comparing resultsrank 7 diff = 566.317
combining results
comparing resultsrank 13 diff = 1854.82
combining results
comparing resultsrank 14 diff = 4635.12
combining results
comparing resultsrank 15 diff = 6626.74
combining results
comparing resultsrank 6 diff = 718.48
combining results
comparing resultsrank 16 diff = 742.987
combining results
comparing resultsrank 17 diff = 311.328
combining results
comparing resultsrank 23 diff = 316.468
combining results
comparing resultsrank 22 diff = 336.107
combining results
comparing resultsrank 19 diff = 330.668
combining results
comparing resultsrank 18 diff = 3950.27
combining results
comparing resultsrank 21 diff = 375.796
combining results
comparing resultsrank 20 diff = 459.983
combining results
comparing resultsrank 24 diff = 476.038
combining results
comparing resultsrank 4 diff = 402.252
combining results
comparing resultsrank 5 diff = 484.836
combining results
comparing resultsrank 3 diff = 775.037
combining results
comparing resultsrank 25 diff = 1143.61
combining results
combining results
comparing resultsrank 31 diff = 379.46
comparing resultsrank 26 diff = 2856.69
combining results
comparing resultsrank 0 diff = 508.666
combining results
comparing resultsrank 27 diff = 541.906
combining results
comparing resultsrank 30 diff = 10882.8
combining results
comparing resultsrank 28 diff = 634.997
combining results
comparing resultsrank 29 diff = 464.712
combining results
comparing resultsrank 2 diff = 2657.55
combining results
comparing resultsrank 1 diff = 516.221

real	0m26.552s
user	2m50.730s
sys	0m1.063s


###############################################################################
TCHPC Cluster: lonsdale
Job 213417 (1024particles) for User 'rooneydt' in Account 'mschpc'
Finished at: Mon Aug 17 00:40:03 IST 2015

Job completion status:
======================

       JobID    JobName AllocCPUS NTasks NNodes     MaxRSS    MaxRSSNode  MaxDiskRead MaxDiskWrite    Elapsed      State ExitCode 
------------ ---------- --------- ------ ------ ---------- ------------- ------------ ------------ ---------- ---------- -------- 
213417       1024parti+        32             4                                                      00:00:29  COMPLETED      0:0 
213417.batch      batch        32      1      1       820K lonsdale-n147        0.42M        0.00M   00:00:29  COMPLETED      0:0 
213417.0          orted         3      3      3      9220K lonsdale-n150        0.09M        0.11M   00:00:26  COMPLETED      0:0 


Job details:
============

JobId=213417 JobName=1024particles
   UserId=rooneydt(5482) GroupId=rooneydt(9287)
   Priority=11562399 Nice=0 Account=mschpc QOS=normal
   JobState=COMPLETING Reason=None Dependency=(null)
   Requeue=1 Restarts=0 BatchFlag=1 Reboot=0 ExitCode=0:0
   DerivedExitCode=0:0
   RunTime=00:00:29 TimeLimit=00:05:00 TimeMin=N/A
   SubmitTime=2015-08-17T00:33:43 EligibleTime=2015-08-17T00:39:34
   StartTime=2015-08-17T00:39:34 EndTime=2015-08-17T00:40:03
   PreemptTime=None SuspendTime=None SecsPreSuspend=0
   Partition=compute AllocNode:Sid=lonsdale01:17121
   ReqNodeList=(null) ExcNodeList=(null)
   NodeList=lonsdale-n[148-150]
   BatchHost=lonsdale-n147
   NumNodes=3 NumCPUs=24 CPUs/Task=1 ReqB:S:C:T=0:0:*:*
   Socks/Node=* NtasksPerN:B:S:C=0:0:*:* CoreSpec=*
     Nodes=lonsdale-n[147-150] CPU_IDs=0-7 Mem=15000
   MinCPUsNode=1 MinMemoryNode=15000M MinTmpDiskNode=0
   Features=(null) Gres=(null) Reservation=(null)
   Shared=0 Contiguous=0 Licenses=(null) Network=(null)
   Command=/home/users/mschpc/2014/rooneydt/3body/sbatch5.sh
   WorkDir=/home/users/mschpc/2014/rooneydt/3body
   StdErr=/home/users/mschpc/2014/rooneydt/3body/slurm-213417.out
   StdIn=/dev/null
   StdOut=/home/users/mschpc/2014/rooneydt/3body/slurm-213417.out


Disk quota details:
===================

Quota Type           Name  Filesystem     Usage in MB     Limit in MB    % Used
-------------------------------------------------------------------------------
USER             rooneydt       /home              29          51,200     0.06%

GROUP              mschpc   /projects          23,731          51,200    46.35%


SLURM Bank Statement:
=====================

User           Usage |        Account     Usage | Account Limit Available (CPU hrs)
---------- --------- + -------------- --------- + ------------- ---------

aljohani          22 |         MSCHPC    95,723 |       400,000   304,277
boycek           714 |         MSCHPC    95,723 |       400,000   304,277
dalyso           200 |         MSCHPC    95,723 |       400,000   304,277
deleligt         709 |         MSCHPC    95,723 |       400,000   304,277
dowlindo         563 |         MSCHPC    95,723 |       400,000   304,277
dunneff        4,157 |         MSCHPC    95,723 |       400,000   304,277
elynch         2,903 |         MSCHPC    95,723 |       400,000   304,277
hannigs            6 |         MSCHPC    95,723 |       400,000   304,277
hernonma         457 |         MSCHPC    95,723 |       400,000   304,277
holtonmi           0 |         MSCHPC    95,723 |       400,000   304,277
howardrj          37 |         MSCHPC    95,723 |       400,000   304,277
hynesr         1,365 |         MSCHPC    95,723 |       400,000   304,277
jabehan        3,698 |         MSCHPC    95,723 |       400,000   304,277
jbulava          158 |         MSCHPC    95,723 |       400,000   304,277
jose               0 |         MSCHPC    95,723 |       400,000   304,277
kcleary           67 |         MSCHPC    95,723 |       400,000   304,277
lambem           514 |         MSCHPC    95,723 |       400,000   304,277
liul1            504 |         MSCHPC    95,723 |       400,000   304,277
luoq           2,782 |         MSCHPC    95,723 |       400,000   304,277
makirby        1,126 |         MSCHPC    95,723 |       400,000   304,277
mcbridne       2,142 |         MSCHPC    95,723 |       400,000   304,277
mehtav            82 |         MSCHPC    95,723 |       400,000   304,277
melbyrne         326 |         MSCHPC    95,723 |       400,000   304,277
murphd37      15,590 |         MSCHPC    95,723 |       400,000   304,277
murrayb8       2,421 |         MSCHPC    95,723 |       400,000   304,277
nobyrnes       1,513 |         MSCHPC    95,723 |       400,000   304,277
oconnm28         619 |         MSCHPC    95,723 |       400,000   304,277
ormondca       1,661 |         MSCHPC    95,723 |       400,000   304,277
osheac9          968 |         MSCHPC    95,723 |       400,000   304,277
osullm40       2,258 |         MSCHPC    95,723 |       400,000   304,277
paddy          1,363 |         MSCHPC    95,723 |       400,000   304,277
phalpin          286 |         MSCHPC    95,723 |       400,000   304,277
purdyd           173 |         MSCHPC    95,723 |       400,000   304,277
rooneydt         297 |         MSCHPC    95,723 |       400,000   304,277
sharding       1,196 |         MSCHPC    95,723 |       400,000   304,277
sikelleh         763 |         MSCHPC    95,723 |       400,000   304,277
simpsoao         509 |         MSCHPC    95,723 |       400,000   304,277
smurray4         514 |         MSCHPC    95,723 |       400,000   304,277
spellacl       1,730 |         MSCHPC    95,723 |       400,000   304,277
vetsaa            80 |         MSCHPC    95,723 |       400,000   304,277
wechen         7,593 |         MSCHPC    95,723 |       400,000   304,277
wyattg           200 |         MSCHPC    95,723 |       400,000   304,277
zhuang         2,490 |         MSCHPC    95,723 |       400,000   304,277


Acknowledgements:
=================

Note that usage of TCHPC Resources *must* be acknowledged in all publications.

Please see this page for details relevant to this cluster:

http://www.tchpc.tcd.ie/resources/acknowledgementpolicy

################################################################################
